<?xml version="1.0" encoding="UTF-8"?>
<testsuites name="Install Store Free" time="848.063" tests="11" failures="7" errors="0">
   <testsuite name="Install Store Free" tests="11" failures="7" errors="0" time="848.063" skipped="0" timestamp="2023-02-20 09:39:10" hostname="huynh - huynh.mshome.net" id="Test Suites/Alireview/Install Store Free">
      <properties>
         <property name="deviceName" value=""/>
         <property name="devicePlatform" value=""/>
         <property name="logFolder" value="C:\\Users\\huynh\\Documents\\Socialhead\\Automation\\Katalon project\\CreateStore\\CreateStore\\Reports\\20230220_093904\\Alireview\\Install Store Free\\20230220_093904"/>
         <property name="logFiles" value="C:\\Users\\huynh\\Documents\\Socialhead\\Automation\\Katalon project\\CreateStore\\CreateStore\\Reports\\20230220_093904\\Alireview\\Install Store Free\\20230220_093904\\execution0.log"/>
         <property name="attachments" value="C:\\Users\\huynh\\Documents\\Socialhead\\Automation\\Katalon project\\CreateStore\\CreateStore\\Reports\\20230220_093904\\Alireview\\Install Store Free\\20230220_093904\\1676860817639.png, C:\\Users\\huynh\\Documents\\Socialhead\\Automation\\Katalon project\\CreateStore\\CreateStore\\Reports\\20230220_093904\\Alireview\\Install Store Free\\20230220_093904\\1676860916861.png, C:\\Users\\huynh\\Documents\\Socialhead\\Automation\\Katalon project\\CreateStore\\CreateStore\\Reports\\20230220_093904\\Alireview\\Install Store Free\\20230220_093904\\1676861233626.png, C:\\Users\\huynh\\Documents\\Socialhead\\Automation\\Katalon project\\CreateStore\\CreateStore\\Reports\\20230220_093904\\Alireview\\Install Store Free\\20230220_093904\\1676861317206.png, C:\\Users\\huynh\\Documents\\Socialhead\\Automation\\Katalon project\\CreateStore\\CreateStore\\Reports\\20230220_093904\\Alireview\\Install Store Free\\20230220_093904\\1676861449236.png, C:\\Users\\huynh\\Documents\\Socialhead\\Automation\\Katalon project\\CreateStore\\CreateStore\\Reports\\20230220_093904\\Alireview\\Install Store Free\\20230220_093904\\1676861545867.png, C:\\Users\\huynh\\Documents\\Socialhead\\Automation\\Katalon project\\CreateStore\\CreateStore\\Reports\\20230220_093904\\Alireview\\Install Store Free\\20230220_093904\\1676861598773.png"/>
         <property name="hostName" value="huynh - huynh.mshome.net"/>
         <property name="os" value="Windows 10 64bit"/>
         <property name="katalonVersion" value="8.5.5.208"/>
         <property name="browser" value="Chrome 109.0.0.0"/>
         <property name="hostAddress" value="172.18.224.1"/>
         <property name="sessionId" value="6d9949edaedef39f2e1e05245257f20a"/>
         <property name="seleniumVersion" value="3.141.59"/>
         <property name="proxyInformation" value="ProxyInformation { proxyOption=NO_PROXY, proxyServerType=HTTP, username=, password=********, proxyServerAddress=, proxyServerPort=0, executionList=&quot;&quot;, isApplyToDesiredCapabilities=true }"/>
         <property name="platform" value="Windows 10"/>
      </properties>
      <testcase name="Test Cases/Alireview/Install new store free" time="67.291" classname="Test Cases/Alireview/Install new store free" status="FAILED">
         <failure type="FAILED" message="Test Cases/Alireview/Install new store free FAILED.
Reason:
com.kms.katalon.core.exception.StepFailedException: Unable to verify image 'Object Repository/Alireview/iframe_app' present
	at com.kms.katalon.core.webui.keyword.internal.WebUIKeywordMain.stepFailed(WebUIKeywordMain.groovy:64)
	at com.kms.katalon.core.webui.keyword.internal.WebUIKeywordMain.runKeyword(WebUIKeywordMain.groovy:26)
	at com.kms.katalon.core.webui.keyword.builtin.SwitchToFrameKeyword.switchToFrame(SwitchToFrameKeyword.groovy:84)
	at com.kms.katalon.core.webui.keyword.builtin.SwitchToFrameKeyword.execute(SwitchToFrameKeyword.groovy:68)
	at com.kms.katalon.core.keyword.internal.KeywordExecutor.executeKeywordForPlatform(KeywordExecutor.groovy:74)
	at com.kms.katalon.core.webui.keyword.WebUiBuiltInKeywords.switchToFrame(WebUiBuiltInKeywords.groovy:2899)
	at com.kms.katalon.core.webui.keyword.WebUiBuiltInKeywords$switchToFrame$6.call(Unknown Source)
	at alireview.install.onboardingSelectColor(install.groovy:38)
	at alireview.install.invokeMethod(install.groovy)
	at com.kms.katalon.core.main.CustomKeywordDelegatingMetaClass.invokeStaticMethod(CustomKeywordDelegatingMetaClass.java:55)
	at Install new store free.run(Install new store free:28)
	at com.kms.katalon.core.main.ScriptEngine.run(ScriptEngine.java:194)
	at com.kms.katalon.core.main.ScriptEngine.runScriptAsRawText(ScriptEngine.java:119)
	at com.kms.katalon.core.main.TestCaseExecutor.runScript(TestCaseExecutor.java:448)
	at com.kms.katalon.core.main.TestCaseExecutor.doExecute(TestCaseExecutor.java:439)
	at com.kms.katalon.core.main.TestCaseExecutor.processExecutionPhase(TestCaseExecutor.java:418)
	at com.kms.katalon.core.main.TestCaseExecutor.accessMainPhase(TestCaseExecutor.java:410)
	at com.kms.katalon.core.main.TestCaseExecutor.execute(TestCaseExecutor.java:285)
	at com.kms.katalon.core.common.CommonExecutor.accessTestCaseMainPhase(CommonExecutor.java:65)
	at com.kms.katalon.core.main.TestSuiteExecutor.accessTestSuiteMainPhase(TestSuiteExecutor.java:151)
	at com.kms.katalon.core.main.TestSuiteExecutor.execute(TestSuiteExecutor.java:106)
	at com.kms.katalon.core.main.TestCaseMain.startTestSuite(TestCaseMain.java:185)
	at com.kms.katalon.core.main.TestCaseMain$startTestSuite$0.call(Unknown Source)
	at TempTestSuite1676860744733.run(TempTestSuite1676860744733.groovy:36)
Caused by: com.kms.katalon.core.webui.exception.WebElementNotFoundException: Web element with id: 'Object Repository/Alireview/iframe_app' located by '//*[@name = 'app-iframe']' not found
	at com.kms.katalon.core.webui.common.WebUiCommonHelper.findWebElement(WebUiCommonHelper.java:1370)
	at com.kms.katalon.core.webui.keyword.builtin.SwitchToFrameKeyword$_switchToFrame_closure1.doCall(SwitchToFrameKeyword.groovy:77)
	at com.kms.katalon.core.webui.keyword.builtin.SwitchToFrameKeyword$_switchToFrame_closure1.call(SwitchToFrameKeyword.groovy)
	at com.kms.katalon.core.webui.keyword.internal.WebUIKeywordMain.runKeyword(WebUIKeywordMain.groovy:20)
	... 22 more
"/>
         <system-out><![CDATA[2023-02-20 09:39:11 - [TEST_CASE][FAILED] - Test Cases/Alireview/Install new store free: Test Cases/Alireview/Install new store free FAILED.
Reason:
com.kms.katalon.core.exception.StepFailedException: Unable to verify image 'Object Repository/Alireview/iframe_app' present
	at com.kms.katalon.core.webui.keyword.internal.WebUIKeywordMain.stepFailed(WebUIKeywordMain.groovy:64)
	at com.kms.katalon.core.webui.keyword.internal.WebUIKeywordMain.runKeyword(WebUIKeywordMain.groovy:26)
	at com.kms.katalon.core.webui.keyword.builtin.SwitchToFrameKeyword.switchToFrame(SwitchToFrameKeyword.groovy:84)
	at com.kms.katalon.core.webui.keyword.builtin.SwitchToFrameKeyword.execute(SwitchToFrameKeyword.groovy:68)
	at com.kms.katalon.core.keyword.internal.KeywordExecutor.executeKeywordForPlatform(KeywordExecutor.groovy:74)
	at com.kms.katalon.core.webui.keyword.WebUiBuiltInKeywords.switchToFrame(WebUiBuiltInKeywords.groovy:2899)
	at com.kms.katalon.core.webui.keyword.WebUiBuiltInKeywords$switchToFrame$6.call(Unknown Source)
	at alireview.install.onboardingSelectColor(install.groovy:38)
	at alireview.install.invokeMethod(install.groovy)
	at com.kms.katalon.core.main.CustomKeywordDelegatingMetaClass.invokeStaticMethod(CustomKeywordDelegatingMetaClass.java:55)
	at Install new store free.run(Install new store free:28)
	at com.kms.katalon.core.main.ScriptEngine.run(ScriptEngine.java:194)
	at com.kms.katalon.core.main.ScriptEngine.runScriptAsRawText(ScriptEngine.java:119)
	at com.kms.katalon.core.main.TestCaseExecutor.runScript(TestCaseExecutor.java:448)
	at com.kms.katalon.core.main.TestCaseExecutor.doExecute(TestCaseExecutor.java:439)
	at com.kms.katalon.core.main.TestCaseExecutor.processExecutionPhase(TestCaseExecutor.java:418)
	at com.kms.katalon.core.main.TestCaseExecutor.accessMainPhase(TestCaseExecutor.java:410)
	at com.kms.katalon.core.main.TestCaseExecutor.execute(TestCaseExecutor.java:285)
	at com.kms.katalon.core.common.CommonExecutor.accessTestCaseMainPhase(CommonExecutor.java:65)
	at com.kms.katalon.core.main.TestSuiteExecutor.accessTestSuiteMainPhase(TestSuiteExecutor.java:151)
	at com.kms.katalon.core.main.TestSuiteExecutor.execute(TestSuiteExecutor.java:106)
	at com.kms.katalon.core.main.TestCaseMain.startTestSuite(TestCaseMain.java:185)
	at com.kms.katalon.core.main.TestCaseMain$startTestSuite$0.call(Unknown Source)
	at TempTestSuite1676860744733.run(TempTestSuite1676860744733.groovy:36)
Caused by: com.kms.katalon.core.webui.exception.WebElementNotFoundException: Web element with id: 'Object Repository/Alireview/iframe_app' located by '//*[@name = 'app-iframe']' not found
	at com.kms.katalon.core.webui.common.WebUiCommonHelper.findWebElement(WebUiCommonHelper.java:1370)
	at com.kms.katalon.core.webui.keyword.builtin.SwitchToFrameKeyword$_switchToFrame_closure1.doCall(SwitchToFrameKeyword.groovy:77)
	at com.kms.katalon.core.webui.keyword.builtin.SwitchToFrameKeyword$_switchToFrame_closure1.call(SwitchToFrameKeyword.groovy)
	at com.kms.katalon.core.webui.keyword.internal.WebUIKeywordMain.runKeyword(WebUIKeywordMain.groovy:20)
	... 22 more


2023-02-20 09:39:11 - [TEST_STEP][PASSED] - Start listener action : skipStatus: null

2023-02-20 09:39:11 - [TEST_STEP][PASSED] - map = testCaseContext.getTestCaseVariables(): null

2023-02-20 09:39:11 - [TEST_STEP][PASSED] - testcae_status = map.get("testcase_status"): null

2023-02-20 09:39:11 - [TEST_STEP][PASSED] - println(testcae_status): null

2023-02-20 09:39:11 - [TEST_STEP][PASSED] - if (testcae_status == "Passed" || testcae_status == "Failed"): null

2023-02-20 09:39:11 - [TEST_STEP][PASSED] - openBrowser(""): Browser is opened with url: ''

2023-02-20 09:39:11 - [MESSAGE][INFO] - Starting 'Chrome' driver

2023-02-20 09:39:11 - [MESSAGE][INFO] - Action delay is set to 0 milliseconds

2023-02-20 09:39:13 - [MESSAGE][PASSED] - Browser is opened with url: ''

2023-02-20 09:39:13 - [TEST_STEP][PASSED] - maximizeWindow(): Current window maximized

2023-02-20 09:39:13 - [MESSAGE][PASSED] - Current window maximized

2023-02-20 09:39:13 - [TEST_STEP][PASSED] - shopify.store.loginToStoreAdmin(partner_email, partner_password, store_name): shopify.store.loginToStoreAdmin is PASSED

2023-02-20 09:39:18 - [MESSAGE][PASSED] - Navigate to 'http://huynh-ar-stag-2474.myshopify.com/admin' successfully

2023-02-20 09:39:18 - [MESSAGE][PASSED] - Text 'huynh@firegroup.io' is set on object 'Object Repository/Shopify/input_email_shopify'

2023-02-20 09:39:25 - [MESSAGE][PASSED] - Object: 'Object Repository/Shopify/btn_continue_with_email' is clicked on

2023-02-20 09:39:27 - [MESSAGE][PASSED] - Text ****** has been set on object 'Object Repository/Shopify/input_password_shopify'

2023-02-20 09:39:43 - [MESSAGE][PASSED] - Object: 'Object Repository/Shopify/btn_login' is clicked on

2023-02-20 09:39:43 - [MESSAGE][PASSED] - shopify.store.loginToStoreAdmin is PASSED

2023-02-20 09:39:43 - [TEST_STEP][PASSED] - alireview.install.inputRawDomain(store_name, host): alireview.install.inputRawDomain is PASSED

2023-02-20 09:39:57 - [MESSAGE][PASSED] - Navigate to 'https://ar-app-staging.fireapps.tech/' successfully

2023-02-20 09:39:58 - [MESSAGE][PASSED] - Text 'huynh-ar-stag-2474' is set on object 'Object Repository/Alireview/input_shop'

2023-02-20 09:40:00 - [MESSAGE][PASSED] - Object: 'Object Repository/Alireview/btn_login' is clicked on

2023-02-20 09:40:00 - [MESSAGE][PASSED] - alireview.install.inputRawDomain is PASSED

2023-02-20 09:40:00 - [TEST_STEP][PASSED] - alireview.install.installStep1(): alireview.install.installStep1 is PASSED

2023-02-20 09:40:05 - [MESSAGE][PASSED] - Object: 'Object Repository/Shopify Install App/btn_install_step1' is clicked on

2023-02-20 09:40:05 - [MESSAGE][PASSED] - alireview.install.installStep1 is PASSED

2023-02-20 09:40:05 - [TEST_STEP][FAILED] - alireview.install.onboardingSelectColor(color): Unable to verify image 'Object Repository/Alireview/iframe_app' present

2023-02-20 09:40:12 - [MESSAGE][INFO] - Unable to find the element located by 'By.xpath: //*[@name = 'app-iframe']'. Please recheck the objects properties to make sure the desired element is located. 

2023-02-20 09:40:12 - [MESSAGE][WARNING] - [SELF-HEALING] Failed to find element with id 'Object Repository/Alireview/iframe_app'. Try using Self-healing.

2023-02-20 09:40:13 - [MESSAGE][INFO] - [SELF-HEALING] No working XPath is found.

2023-02-20 09:40:17 - [MESSAGE][INFO] - Unable to find the element located by 'By.xpath: '. Please recheck the objects properties to make sure the desired element is located. 

2023-02-20 09:40:17 - [MESSAGE][WARNING] - [SELF-HEALING] Cannot find elements when the selector is null

2023-02-20 09:40:17 - [MESSAGE][FAILED] - Unable to verify image 'Object Repository/Alireview/iframe_app' present (Root cause: com.kms.katalon.core.exception.StepFailedException: Unable to verify image 'Object Repository/Alireview/iframe_app' present
	at com.kms.katalon.core.webui.keyword.internal.WebUIKeywordMain.stepFailed(WebUIKeywordMain.groovy:64)
	at com.kms.katalon.core.webui.keyword.internal.WebUIKeywordMain.runKeyword(WebUIKeywordMain.groovy:26)
	at com.kms.katalon.core.webui.keyword.builtin.SwitchToFrameKeyword.switchToFrame(SwitchToFrameKeyword.groovy:84)
	at com.kms.katalon.core.webui.keyword.builtin.SwitchToFrameKeyword.execute(SwitchToFrameKeyword.groovy:68)
	at com.kms.katalon.core.keyword.internal.KeywordExecutor.executeKeywordForPlatform(KeywordExecutor.groovy:74)
	at com.kms.katalon.core.webui.keyword.WebUiBuiltInKeywords.switchToFrame(WebUiBuiltInKeywords.groovy:2899)
	at com.kms.katalon.core.webui.keyword.WebUiBuiltInKeywords$switchToFrame$6.call(Unknown Source)
	at alireview.install.onboardingSelectColor(install.groovy:38)
	at alireview.install.invokeMethod(install.groovy)
	at com.kms.katalon.core.main.CustomKeywordDelegatingMetaClass.invokeStaticMethod(CustomKeywordDelegatingMetaClass.java:55)
	at Install new store free.run(Install new store free:28)
	at com.kms.katalon.core.main.ScriptEngine.run(ScriptEngine.java:194)
	at com.kms.katalon.core.main.ScriptEngine.runScriptAsRawText(ScriptEngine.java:119)
	at com.kms.katalon.core.main.TestCaseExecutor.runScript(TestCaseExecutor.java:448)
	at com.kms.katalon.core.main.TestCaseExecutor.doExecute(TestCaseExecutor.java:439)
	at com.kms.katalon.core.main.TestCaseExecutor.processExecutionPhase(TestCaseExecutor.java:418)
	at com.kms.katalon.core.main.TestCaseExecutor.accessMainPhase(TestCaseExecutor.java:410)
	at com.kms.katalon.core.main.TestCaseExecutor.execute(TestCaseExecutor.java:285)
	at com.kms.katalon.core.common.CommonExecutor.accessTestCaseMainPhase(CommonExecutor.java:65)
	at com.kms.katalon.core.main.TestSuiteExecutor.accessTestSuiteMainPhase(TestSuiteExecutor.java:151)
	at com.kms.katalon.core.main.TestSuiteExecutor.execute(TestSuiteExecutor.java:106)
	at com.kms.katalon.core.main.TestCaseMain.startTestSuite(TestCaseMain.java:185)
	at com.kms.katalon.core.main.TestCaseMain$startTestSuite$0.call(Unknown Source)
	at TempTestSuite1676860744733.run(TempTestSuite1676860744733.groovy:36)
Caused by: com.kms.katalon.core.webui.exception.WebElementNotFoundException: Web element with id: 'Object Repository/Alireview/iframe_app' located by '//*[@name = 'app-iframe']' not found
	at com.kms.katalon.core.webui.common.WebUiCommonHelper.findWebElement(WebUiCommonHelper.java:1370)
	at com.kms.katalon.core.webui.keyword.builtin.SwitchToFrameKeyword$_switchToFrame_closure1.doCall(SwitchToFrameKeyword.groovy:77)
	at com.kms.katalon.core.webui.keyword.builtin.SwitchToFrameKeyword$_switchToFrame_closure1.call(SwitchToFrameKeyword.groovy)
	at com.kms.katalon.core.webui.keyword.internal.WebUIKeywordMain.runKeyword(WebUIKeywordMain.groovy:20)
	at com.kms.katalon.core.webui.keyword.builtin.SwitchToFrameKeyword.switchToFrame(SwitchToFrameKeyword.groovy:84)
	at com.kms.katalon.core.webui.keyword.builtin.SwitchToFrameKeyword.execute(SwitchToFrameKeyword.groovy:68)
	at com.kms.katalon.core.keyword.internal.KeywordExecutor.executeKeywordForPlatform(KeywordExecutor.groovy:74)
	at com.kms.katalon.core.webui.keyword.WebUiBuiltInKeywords.switchToFrame(WebUiBuiltInKeywords.groovy:2899)
	at com.kms.katalon.core.webui.keyword.WebUiBuiltInKeywords$switchToFrame$6.call(Unknown Source)
	at alireview.install.onboardingSelectColor(install.groovy:38)
	at alireview.install.invokeMethod(install.groovy)
	at com.kms.katalon.core.main.CustomKeywordDelegatingMetaClass.invokeStaticMethod(CustomKeywordDelegatingMetaClass.java:55)
	at Script1673948457755.run(Script1673948457755.groovy:28)
	... 13 more
)
[[ATTACHMENT|C:\\Users\\huynh\\Documents\\Socialhead\\Automation\\Katalon project\\CreateStore\\CreateStore\\Reports\\20230220_093904\\Alireview\\Install Store Free\\20230220_093904\\1676860817639.png]]

2023-02-20 09:40:17 - [MESSAGE][FAILED] - Unable to verify image 'Object Repository/Alireview/iframe_app' present

2023-02-20 09:40:17 - [TEST_STEP][PASSED] - Start tear down : teardownIfFailed: Error occurred when try to run method 'teardownIfFailed' (Root cause: com.kms.katalon.core.exception.StepErrorException - com.kms.katalon.core.exception.StepErrorException: org.apache.poi.ss.formula.eval.NotImplementedException: Error evaluating cell Sheet2!B1)

2023-02-20 09:40:17 - [TEST_STEP][PASSED] - excelFilePath = "Data Files\store free 2.xlsx": null

2023-02-20 09:40:17 - [TEST_STEP][ERROR] - data.excel.updateValueToSheet(excelFilePath, "store", 4, store_name, 9, "Not install"): Error evaluating cell Sheet2!B1

2023-02-20 09:40:18 - [MESSAGE][ERROR] - Error evaluating cell Sheet2!B1

2023-02-20 09:40:18 - [MESSAGE][WARNING] - Error occurred when try to run method 'teardownIfFailed' (Root cause: com.kms.katalon.core.exception.StepErrorException - com.kms.katalon.core.exception.StepErrorException: org.apache.poi.ss.formula.eval.NotImplementedException: Error evaluating cell Sheet2!B1)]]></system-out>
         <system-err><![CDATA[2023-02-20 09:39:11 - [TEST_CASE][FAILED] - Test Cases/Alireview/Install new store free: Test Cases/Alireview/Install new store free FAILED.
Reason:
com.kms.katalon.core.exception.StepFailedException: Unable to verify image 'Object Repository/Alireview/iframe_app' present
	at com.kms.katalon.core.webui.keyword.internal.WebUIKeywordMain.stepFailed(WebUIKeywordMain.groovy:64)
	at com.kms.katalon.core.webui.keyword.internal.WebUIKeywordMain.runKeyword(WebUIKeywordMain.groovy:26)
	at com.kms.katalon.core.webui.keyword.builtin.SwitchToFrameKeyword.switchToFrame(SwitchToFrameKeyword.groovy:84)
	at com.kms.katalon.core.webui.keyword.builtin.SwitchToFrameKeyword.execute(SwitchToFrameKeyword.groovy:68)
	at com.kms.katalon.core.keyword.internal.KeywordExecutor.executeKeywordForPlatform(KeywordExecutor.groovy:74)
	at com.kms.katalon.core.webui.keyword.WebUiBuiltInKeywords.switchToFrame(WebUiBuiltInKeywords.groovy:2899)
	at com.kms.katalon.core.webui.keyword.WebUiBuiltInKeywords$switchToFrame$6.call(Unknown Source)
	at alireview.install.onboardingSelectColor(install.groovy:38)
	at alireview.install.invokeMethod(install.groovy)
	at com.kms.katalon.core.main.CustomKeywordDelegatingMetaClass.invokeStaticMethod(CustomKeywordDelegatingMetaClass.java:55)
	at Install new store free.run(Install new store free:28)
	at com.kms.katalon.core.main.ScriptEngine.run(ScriptEngine.java:194)
	at com.kms.katalon.core.main.ScriptEngine.runScriptAsRawText(ScriptEngine.java:119)
	at com.kms.katalon.core.main.TestCaseExecutor.runScript(TestCaseExecutor.java:448)
	at com.kms.katalon.core.main.TestCaseExecutor.doExecute(TestCaseExecutor.java:439)
	at com.kms.katalon.core.main.TestCaseExecutor.processExecutionPhase(TestCaseExecutor.java:418)
	at com.kms.katalon.core.main.TestCaseExecutor.accessMainPhase(TestCaseExecutor.java:410)
	at com.kms.katalon.core.main.TestCaseExecutor.execute(TestCaseExecutor.java:285)
	at com.kms.katalon.core.common.CommonExecutor.accessTestCaseMainPhase(CommonExecutor.java:65)
	at com.kms.katalon.core.main.TestSuiteExecutor.accessTestSuiteMainPhase(TestSuiteExecutor.java:151)
	at com.kms.katalon.core.main.TestSuiteExecutor.execute(TestSuiteExecutor.java:106)
	at com.kms.katalon.core.main.TestCaseMain.startTestSuite(TestCaseMain.java:185)
	at com.kms.katalon.core.main.TestCaseMain$startTestSuite$0.call(Unknown Source)
	at TempTestSuite1676860744733.run(TempTestSuite1676860744733.groovy:36)
Caused by: com.kms.katalon.core.webui.exception.WebElementNotFoundException: Web element with id: 'Object Repository/Alireview/iframe_app' located by '//*[@name = 'app-iframe']' not found
	at com.kms.katalon.core.webui.common.WebUiCommonHelper.findWebElement(WebUiCommonHelper.java:1370)
	at com.kms.katalon.core.webui.keyword.builtin.SwitchToFrameKeyword$_switchToFrame_closure1.doCall(SwitchToFrameKeyword.groovy:77)
	at com.kms.katalon.core.webui.keyword.builtin.SwitchToFrameKeyword$_switchToFrame_closure1.call(SwitchToFrameKeyword.groovy)
	at com.kms.katalon.core.webui.keyword.internal.WebUIKeywordMain.runKeyword(WebUIKeywordMain.groovy:20)
	... 22 more]]></system-err>
      </testcase>
      <testcase name="Test Cases/Alireview/Install new store free" time="98.739" classname="Test Cases/Alireview/Install new store free" status="FAILED">
         <failure type="FAILED" message="Test Cases/Alireview/Install new store free FAILED.
Reason:
com.kms.katalon.core.exception.StepFailedException: Unable to verify image 'Object Repository/Alireview/iframe_app' present
	at com.kms.katalon.core.webui.keyword.internal.WebUIKeywordMain.stepFailed(WebUIKeywordMain.groovy:64)
	at com.kms.katalon.core.webui.keyword.internal.WebUIKeywordMain.runKeyword(WebUIKeywordMain.groovy:26)
	at com.kms.katalon.core.webui.keyword.builtin.SwitchToFrameKeyword.switchToFrame(SwitchToFrameKeyword.groovy:84)
	at com.kms.katalon.core.webui.keyword.builtin.SwitchToFrameKeyword.execute(SwitchToFrameKeyword.groovy:68)
	at com.kms.katalon.core.keyword.internal.KeywordExecutor.executeKeywordForPlatform(KeywordExecutor.groovy:74)
	at com.kms.katalon.core.webui.keyword.WebUiBuiltInKeywords.switchToFrame(WebUiBuiltInKeywords.groovy:2899)
	at com.kms.katalon.core.webui.keyword.WebUiBuiltInKeywords$switchToFrame$6.call(Unknown Source)
	at alireview.install.onboardingSelectColor(install.groovy:38)
	at alireview.install.invokeMethod(install.groovy)
	at com.kms.katalon.core.main.CustomKeywordDelegatingMetaClass.invokeStaticMethod(CustomKeywordDelegatingMetaClass.java:55)
	at Install new store free.run(Install new store free:28)
	at com.kms.katalon.core.main.ScriptEngine.run(ScriptEngine.java:194)
	at com.kms.katalon.core.main.ScriptEngine.runScriptAsRawText(ScriptEngine.java:119)
	at com.kms.katalon.core.main.TestCaseExecutor.runScript(TestCaseExecutor.java:448)
	at com.kms.katalon.core.main.TestCaseExecutor.doExecute(TestCaseExecutor.java:439)
	at com.kms.katalon.core.main.TestCaseExecutor.processExecutionPhase(TestCaseExecutor.java:418)
	at com.kms.katalon.core.main.TestCaseExecutor.accessMainPhase(TestCaseExecutor.java:410)
	at com.kms.katalon.core.main.TestCaseExecutor.execute(TestCaseExecutor.java:285)
	at com.kms.katalon.core.common.CommonExecutor.accessTestCaseMainPhase(CommonExecutor.java:65)
	at com.kms.katalon.core.main.TestSuiteExecutor.accessTestSuiteMainPhase(TestSuiteExecutor.java:151)
	at com.kms.katalon.core.main.TestSuiteExecutor.execute(TestSuiteExecutor.java:106)
	at com.kms.katalon.core.main.TestCaseMain.startTestSuite(TestCaseMain.java:185)
	at com.kms.katalon.core.main.TestCaseMain$startTestSuite$0.call(Unknown Source)
	at TempTestSuite1676860744733.run(TempTestSuite1676860744733.groovy:36)
Caused by: com.kms.katalon.core.webui.exception.WebElementNotFoundException: Web element with id: 'Object Repository/Alireview/iframe_app' located by '//*[@name = 'app-iframe']' not found
	at com.kms.katalon.core.webui.common.WebUiCommonHelper.findWebElement(WebUiCommonHelper.java:1370)
	at com.kms.katalon.core.webui.keyword.builtin.SwitchToFrameKeyword$_switchToFrame_closure1.doCall(SwitchToFrameKeyword.groovy:77)
	at com.kms.katalon.core.webui.keyword.builtin.SwitchToFrameKeyword$_switchToFrame_closure1.call(SwitchToFrameKeyword.groovy)
	at com.kms.katalon.core.webui.keyword.internal.WebUIKeywordMain.runKeyword(WebUIKeywordMain.groovy:20)
	... 22 more
"/>
         <system-out><![CDATA[2023-02-20 09:40:18 - [TEST_CASE][FAILED] - Test Cases/Alireview/Install new store free: Test Cases/Alireview/Install new store free FAILED.
Reason:
com.kms.katalon.core.exception.StepFailedException: Unable to verify image 'Object Repository/Alireview/iframe_app' present
	at com.kms.katalon.core.webui.keyword.internal.WebUIKeywordMain.stepFailed(WebUIKeywordMain.groovy:64)
	at com.kms.katalon.core.webui.keyword.internal.WebUIKeywordMain.runKeyword(WebUIKeywordMain.groovy:26)
	at com.kms.katalon.core.webui.keyword.builtin.SwitchToFrameKeyword.switchToFrame(SwitchToFrameKeyword.groovy:84)
	at com.kms.katalon.core.webui.keyword.builtin.SwitchToFrameKeyword.execute(SwitchToFrameKeyword.groovy:68)
	at com.kms.katalon.core.keyword.internal.KeywordExecutor.executeKeywordForPlatform(KeywordExecutor.groovy:74)
	at com.kms.katalon.core.webui.keyword.WebUiBuiltInKeywords.switchToFrame(WebUiBuiltInKeywords.groovy:2899)
	at com.kms.katalon.core.webui.keyword.WebUiBuiltInKeywords$switchToFrame$6.call(Unknown Source)
	at alireview.install.onboardingSelectColor(install.groovy:38)
	at alireview.install.invokeMethod(install.groovy)
	at com.kms.katalon.core.main.CustomKeywordDelegatingMetaClass.invokeStaticMethod(CustomKeywordDelegatingMetaClass.java:55)
	at Install new store free.run(Install new store free:28)
	at com.kms.katalon.core.main.ScriptEngine.run(ScriptEngine.java:194)
	at com.kms.katalon.core.main.ScriptEngine.runScriptAsRawText(ScriptEngine.java:119)
	at com.kms.katalon.core.main.TestCaseExecutor.runScript(TestCaseExecutor.java:448)
	at com.kms.katalon.core.main.TestCaseExecutor.doExecute(TestCaseExecutor.java:439)
	at com.kms.katalon.core.main.TestCaseExecutor.processExecutionPhase(TestCaseExecutor.java:418)
	at com.kms.katalon.core.main.TestCaseExecutor.accessMainPhase(TestCaseExecutor.java:410)
	at com.kms.katalon.core.main.TestCaseExecutor.execute(TestCaseExecutor.java:285)
	at com.kms.katalon.core.common.CommonExecutor.accessTestCaseMainPhase(CommonExecutor.java:65)
	at com.kms.katalon.core.main.TestSuiteExecutor.accessTestSuiteMainPhase(TestSuiteExecutor.java:151)
	at com.kms.katalon.core.main.TestSuiteExecutor.execute(TestSuiteExecutor.java:106)
	at com.kms.katalon.core.main.TestCaseMain.startTestSuite(TestCaseMain.java:185)
	at com.kms.katalon.core.main.TestCaseMain$startTestSuite$0.call(Unknown Source)
	at TempTestSuite1676860744733.run(TempTestSuite1676860744733.groovy:36)
Caused by: com.kms.katalon.core.webui.exception.WebElementNotFoundException: Web element with id: 'Object Repository/Alireview/iframe_app' located by '//*[@name = 'app-iframe']' not found
	at com.kms.katalon.core.webui.common.WebUiCommonHelper.findWebElement(WebUiCommonHelper.java:1370)
	at com.kms.katalon.core.webui.keyword.builtin.SwitchToFrameKeyword$_switchToFrame_closure1.doCall(SwitchToFrameKeyword.groovy:77)
	at com.kms.katalon.core.webui.keyword.builtin.SwitchToFrameKeyword$_switchToFrame_closure1.call(SwitchToFrameKeyword.groovy)
	at com.kms.katalon.core.webui.keyword.internal.WebUIKeywordMain.runKeyword(WebUIKeywordMain.groovy:20)
	... 22 more


2023-02-20 09:40:18 - [TEST_STEP][PASSED] - Start listener action : skipStatus: null

2023-02-20 09:40:18 - [TEST_STEP][PASSED] - map = testCaseContext.getTestCaseVariables(): null

2023-02-20 09:40:18 - [TEST_STEP][PASSED] - testcae_status = map.get("testcase_status"): null

2023-02-20 09:40:18 - [TEST_STEP][PASSED] - println(testcae_status): null

2023-02-20 09:40:18 - [TEST_STEP][PASSED] - if (testcae_status == "Passed" || testcae_status == "Failed"): null

2023-02-20 09:40:18 - [TEST_STEP][PASSED] - openBrowser(""): Browser is opened with url: ''

2023-02-20 09:40:18 - [MESSAGE][WARNING] - A browser is already opened. Closing browser and opening a new one

2023-02-20 09:40:19 - [MESSAGE][INFO] - Starting 'Chrome' driver

2023-02-20 09:40:19 - [MESSAGE][INFO] - Action delay is set to 0 milliseconds

2023-02-20 09:40:20 - [MESSAGE][PASSED] - Browser is opened with url: ''

2023-02-20 09:40:20 - [TEST_STEP][PASSED] - maximizeWindow(): Current window maximized

2023-02-20 09:40:20 - [MESSAGE][PASSED] - Current window maximized

2023-02-20 09:40:20 - [TEST_STEP][PASSED] - shopify.store.loginToStoreAdmin(partner_email, partner_password, store_name): shopify.store.loginToStoreAdmin is PASSED

2023-02-20 09:40:26 - [MESSAGE][PASSED] - Navigate to 'http://huynh-ar-stag-2475.myshopify.com/admin' successfully

2023-02-20 09:40:27 - [MESSAGE][PASSED] - Text 'huynh@firegroup.io' is set on object 'Object Repository/Shopify/input_email_shopify'

2023-02-20 09:40:29 - [MESSAGE][PASSED] - Object: 'Object Repository/Shopify/btn_continue_with_email' is clicked on

2023-02-20 09:40:31 - [MESSAGE][PASSED] - Text ****** has been set on object 'Object Repository/Shopify/input_password_shopify'

2023-02-20 09:40:41 - [MESSAGE][PASSED] - Object: 'Object Repository/Shopify/btn_login' is clicked on

2023-02-20 09:40:41 - [MESSAGE][PASSED] - shopify.store.loginToStoreAdmin is PASSED

2023-02-20 09:40:41 - [TEST_STEP][PASSED] - alireview.install.inputRawDomain(store_name, host): alireview.install.inputRawDomain is PASSED

2023-02-20 09:41:37 - [MESSAGE][PASSED] - Navigate to 'https://ar-app-staging.fireapps.tech/' successfully

2023-02-20 09:41:38 - [MESSAGE][PASSED] - Text 'huynh-ar-stag-2475' is set on object 'Object Repository/Alireview/input_shop'

2023-02-20 09:41:40 - [MESSAGE][PASSED] - Object: 'Object Repository/Alireview/btn_login' is clicked on

2023-02-20 09:41:40 - [MESSAGE][PASSED] - alireview.install.inputRawDomain is PASSED

2023-02-20 09:41:40 - [TEST_STEP][PASSED] - alireview.install.installStep1(): alireview.install.installStep1 is PASSED

2023-02-20 09:41:44 - [MESSAGE][PASSED] - Object: 'Object Repository/Shopify Install App/btn_install_step1' is clicked on

2023-02-20 09:41:44 - [MESSAGE][PASSED] - alireview.install.installStep1 is PASSED

2023-02-20 09:41:44 - [TEST_STEP][FAILED] - alireview.install.onboardingSelectColor(color): Unable to verify image 'Object Repository/Alireview/iframe_app' present

2023-02-20 09:41:54 - [MESSAGE][INFO] - Unable to find the element located by 'By.xpath: //*[@name = 'app-iframe']'. Please recheck the objects properties to make sure the desired element is located. 

2023-02-20 09:41:54 - [MESSAGE][WARNING] - [SELF-HEALING] Failed to find element with id 'Object Repository/Alireview/iframe_app'. Try using Self-healing.

2023-02-20 09:41:55 - [MESSAGE][INFO] - [SELF-HEALING] No working XPath is found.

2023-02-20 09:41:56 - [MESSAGE][INFO] - Unable to find the element located by 'By.xpath: '. Please recheck the objects properties to make sure the desired element is located. 

2023-02-20 09:41:56 - [MESSAGE][WARNING] - [SELF-HEALING] Cannot find elements when the selector is null

2023-02-20 09:41:57 - [MESSAGE][FAILED] - Unable to verify image 'Object Repository/Alireview/iframe_app' present (Root cause: com.kms.katalon.core.exception.StepFailedException: Unable to verify image 'Object Repository/Alireview/iframe_app' present
	at com.kms.katalon.core.webui.keyword.internal.WebUIKeywordMain.stepFailed(WebUIKeywordMain.groovy:64)
	at com.kms.katalon.core.webui.keyword.internal.WebUIKeywordMain.runKeyword(WebUIKeywordMain.groovy:26)
	at com.kms.katalon.core.webui.keyword.builtin.SwitchToFrameKeyword.switchToFrame(SwitchToFrameKeyword.groovy:84)
	at com.kms.katalon.core.webui.keyword.builtin.SwitchToFrameKeyword.execute(SwitchToFrameKeyword.groovy:68)
	at com.kms.katalon.core.keyword.internal.KeywordExecutor.executeKeywordForPlatform(KeywordExecutor.groovy:74)
	at com.kms.katalon.core.webui.keyword.WebUiBuiltInKeywords.switchToFrame(WebUiBuiltInKeywords.groovy:2899)
	at com.kms.katalon.core.webui.keyword.WebUiBuiltInKeywords$switchToFrame$6.call(Unknown Source)
	at alireview.install.onboardingSelectColor(install.groovy:38)
	at alireview.install.invokeMethod(install.groovy)
	at com.kms.katalon.core.main.CustomKeywordDelegatingMetaClass.invokeStaticMethod(CustomKeywordDelegatingMetaClass.java:55)
	at Install new store free.run(Install new store free:28)
	at com.kms.katalon.core.main.ScriptEngine.run(ScriptEngine.java:194)
	at com.kms.katalon.core.main.ScriptEngine.runScriptAsRawText(ScriptEngine.java:119)
	at com.kms.katalon.core.main.TestCaseExecutor.runScript(TestCaseExecutor.java:448)
	at com.kms.katalon.core.main.TestCaseExecutor.doExecute(TestCaseExecutor.java:439)
	at com.kms.katalon.core.main.TestCaseExecutor.processExecutionPhase(TestCaseExecutor.java:418)
	at com.kms.katalon.core.main.TestCaseExecutor.accessMainPhase(TestCaseExecutor.java:410)
	at com.kms.katalon.core.main.TestCaseExecutor.execute(TestCaseExecutor.java:285)
	at com.kms.katalon.core.common.CommonExecutor.accessTestCaseMainPhase(CommonExecutor.java:65)
	at com.kms.katalon.core.main.TestSuiteExecutor.accessTestSuiteMainPhase(TestSuiteExecutor.java:151)
	at com.kms.katalon.core.main.TestSuiteExecutor.execute(TestSuiteExecutor.java:106)
	at com.kms.katalon.core.main.TestCaseMain.startTestSuite(TestCaseMain.java:185)
	at com.kms.katalon.core.main.TestCaseMain$startTestSuite$0.call(Unknown Source)
	at TempTestSuite1676860744733.run(TempTestSuite1676860744733.groovy:36)
Caused by: com.kms.katalon.core.webui.exception.WebElementNotFoundException: Web element with id: 'Object Repository/Alireview/iframe_app' located by '//*[@name = 'app-iframe']' not found
	at com.kms.katalon.core.webui.common.WebUiCommonHelper.findWebElement(WebUiCommonHelper.java:1370)
	at com.kms.katalon.core.webui.keyword.builtin.SwitchToFrameKeyword$_switchToFrame_closure1.doCall(SwitchToFrameKeyword.groovy:77)
	at com.kms.katalon.core.webui.keyword.builtin.SwitchToFrameKeyword$_switchToFrame_closure1.call(SwitchToFrameKeyword.groovy)
	at com.kms.katalon.core.webui.keyword.internal.WebUIKeywordMain.runKeyword(WebUIKeywordMain.groovy:20)
	at com.kms.katalon.core.webui.keyword.builtin.SwitchToFrameKeyword.switchToFrame(SwitchToFrameKeyword.groovy:84)
	at com.kms.katalon.core.webui.keyword.builtin.SwitchToFrameKeyword.execute(SwitchToFrameKeyword.groovy:68)
	at com.kms.katalon.core.keyword.internal.KeywordExecutor.executeKeywordForPlatform(KeywordExecutor.groovy:74)
	at com.kms.katalon.core.webui.keyword.WebUiBuiltInKeywords.switchToFrame(WebUiBuiltInKeywords.groovy:2899)
	at com.kms.katalon.core.webui.keyword.WebUiBuiltInKeywords$switchToFrame$6.call(Unknown Source)
	at alireview.install.onboardingSelectColor(install.groovy:38)
	at alireview.install.invokeMethod(install.groovy)
	at com.kms.katalon.core.main.CustomKeywordDelegatingMetaClass.invokeStaticMethod(CustomKeywordDelegatingMetaClass.java:55)
	at Script1673948457755.run(Script1673948457755.groovy:28)
	... 13 more
)
[[ATTACHMENT|C:\\Users\\huynh\\Documents\\Socialhead\\Automation\\Katalon project\\CreateStore\\CreateStore\\Reports\\20230220_093904\\Alireview\\Install Store Free\\20230220_093904\\1676860916861.png]]

2023-02-20 09:41:57 - [MESSAGE][FAILED] - Unable to verify image 'Object Repository/Alireview/iframe_app' present

2023-02-20 09:41:57 - [TEST_STEP][PASSED] - Start tear down : teardownIfFailed: Error occurred when try to run method 'teardownIfFailed' (Root cause: com.kms.katalon.core.exception.StepErrorException - com.kms.katalon.core.exception.StepErrorException: org.apache.poi.ss.formula.eval.NotImplementedException: Error evaluating cell Sheet2!B1)

2023-02-20 09:41:57 - [TEST_STEP][PASSED] - excelFilePath = "Data Files\store free 2.xlsx": null

2023-02-20 09:41:57 - [TEST_STEP][ERROR] - data.excel.updateValueToSheet(excelFilePath, "store", 4, store_name, 9, "Not install"): Error evaluating cell Sheet2!B1

2023-02-20 09:41:57 - [MESSAGE][ERROR] - Error evaluating cell Sheet2!B1

2023-02-20 09:41:57 - [MESSAGE][WARNING] - Error occurred when try to run method 'teardownIfFailed' (Root cause: com.kms.katalon.core.exception.StepErrorException - com.kms.katalon.core.exception.StepErrorException: org.apache.poi.ss.formula.eval.NotImplementedException: Error evaluating cell Sheet2!B1)]]></system-out>
         <system-err><![CDATA[2023-02-20 09:40:18 - [TEST_CASE][FAILED] - Test Cases/Alireview/Install new store free: Test Cases/Alireview/Install new store free FAILED.
Reason:
com.kms.katalon.core.exception.StepFailedException: Unable to verify image 'Object Repository/Alireview/iframe_app' present
	at com.kms.katalon.core.webui.keyword.internal.WebUIKeywordMain.stepFailed(WebUIKeywordMain.groovy:64)
	at com.kms.katalon.core.webui.keyword.internal.WebUIKeywordMain.runKeyword(WebUIKeywordMain.groovy:26)
	at com.kms.katalon.core.webui.keyword.builtin.SwitchToFrameKeyword.switchToFrame(SwitchToFrameKeyword.groovy:84)
	at com.kms.katalon.core.webui.keyword.builtin.SwitchToFrameKeyword.execute(SwitchToFrameKeyword.groovy:68)
	at com.kms.katalon.core.keyword.internal.KeywordExecutor.executeKeywordForPlatform(KeywordExecutor.groovy:74)
	at com.kms.katalon.core.webui.keyword.WebUiBuiltInKeywords.switchToFrame(WebUiBuiltInKeywords.groovy:2899)
	at com.kms.katalon.core.webui.keyword.WebUiBuiltInKeywords$switchToFrame$6.call(Unknown Source)
	at alireview.install.onboardingSelectColor(install.groovy:38)
	at alireview.install.invokeMethod(install.groovy)
	at com.kms.katalon.core.main.CustomKeywordDelegatingMetaClass.invokeStaticMethod(CustomKeywordDelegatingMetaClass.java:55)
	at Install new store free.run(Install new store free:28)
	at com.kms.katalon.core.main.ScriptEngine.run(ScriptEngine.java:194)
	at com.kms.katalon.core.main.ScriptEngine.runScriptAsRawText(ScriptEngine.java:119)
	at com.kms.katalon.core.main.TestCaseExecutor.runScript(TestCaseExecutor.java:448)
	at com.kms.katalon.core.main.TestCaseExecutor.doExecute(TestCaseExecutor.java:439)
	at com.kms.katalon.core.main.TestCaseExecutor.processExecutionPhase(TestCaseExecutor.java:418)
	at com.kms.katalon.core.main.TestCaseExecutor.accessMainPhase(TestCaseExecutor.java:410)
	at com.kms.katalon.core.main.TestCaseExecutor.execute(TestCaseExecutor.java:285)
	at com.kms.katalon.core.common.CommonExecutor.accessTestCaseMainPhase(CommonExecutor.java:65)
	at com.kms.katalon.core.main.TestSuiteExecutor.accessTestSuiteMainPhase(TestSuiteExecutor.java:151)
	at com.kms.katalon.core.main.TestSuiteExecutor.execute(TestSuiteExecutor.java:106)
	at com.kms.katalon.core.main.TestCaseMain.startTestSuite(TestCaseMain.java:185)
	at com.kms.katalon.core.main.TestCaseMain$startTestSuite$0.call(Unknown Source)
	at TempTestSuite1676860744733.run(TempTestSuite1676860744733.groovy:36)
Caused by: com.kms.katalon.core.webui.exception.WebElementNotFoundException: Web element with id: 'Object Repository/Alireview/iframe_app' located by '//*[@name = 'app-iframe']' not found
	at com.kms.katalon.core.webui.common.WebUiCommonHelper.findWebElement(WebUiCommonHelper.java:1370)
	at com.kms.katalon.core.webui.keyword.builtin.SwitchToFrameKeyword$_switchToFrame_closure1.doCall(SwitchToFrameKeyword.groovy:77)
	at com.kms.katalon.core.webui.keyword.builtin.SwitchToFrameKeyword$_switchToFrame_closure1.call(SwitchToFrameKeyword.groovy)
	at com.kms.katalon.core.webui.keyword.internal.WebUIKeywordMain.runKeyword(WebUIKeywordMain.groovy:20)
	... 22 more]]></system-err>
      </testcase>
      <testcase name="Test Cases/Alireview/Install new store free" time="122.252" classname="Test Cases/Alireview/Install new store free" status="PASSED">
         <system-out><![CDATA[2023-02-20 09:41:57 - [TEST_CASE][PASSED] - Test Cases/Alireview/Install new store free: Test Cases/Alireview/Install new store free

2023-02-20 09:41:57 - [TEST_STEP][PASSED] - Start listener action : skipStatus: null

2023-02-20 09:41:57 - [TEST_STEP][PASSED] - map = testCaseContext.getTestCaseVariables(): null

2023-02-20 09:41:57 - [TEST_STEP][PASSED] - testcae_status = map.get("testcase_status"): null

2023-02-20 09:41:57 - [TEST_STEP][PASSED] - println(testcae_status): null

2023-02-20 09:41:57 - [TEST_STEP][PASSED] - if (testcae_status == "Passed" || testcae_status == "Failed"): null

2023-02-20 09:41:57 - [TEST_STEP][PASSED] - openBrowser(""): Browser is opened with url: ''

2023-02-20 09:41:57 - [MESSAGE][WARNING] - A browser is already opened. Closing browser and opening a new one

2023-02-20 09:41:57 - [MESSAGE][INFO] - Starting 'Chrome' driver

2023-02-20 09:41:57 - [MESSAGE][INFO] - Action delay is set to 0 milliseconds

2023-02-20 09:41:58 - [MESSAGE][PASSED] - Browser is opened with url: ''

2023-02-20 09:41:58 - [TEST_STEP][PASSED] - maximizeWindow(): Current window maximized

2023-02-20 09:41:59 - [MESSAGE][PASSED] - Current window maximized

2023-02-20 09:41:59 - [TEST_STEP][PASSED] - shopify.store.loginToStoreAdmin(partner_email, partner_password, store_name): shopify.store.loginToStoreAdmin is PASSED

2023-02-20 09:42:03 - [MESSAGE][PASSED] - Navigate to 'http://huynh-ar-stag-2476.myshopify.com/admin' successfully

2023-02-20 09:42:04 - [MESSAGE][PASSED] - Text 'huynh@firegroup.io' is set on object 'Object Repository/Shopify/input_email_shopify'

2023-02-20 09:42:09 - [MESSAGE][PASSED] - Object: 'Object Repository/Shopify/btn_continue_with_email' is clicked on

2023-02-20 09:42:11 - [MESSAGE][PASSED] - Text ****** has been set on object 'Object Repository/Shopify/input_password_shopify'

2023-02-20 09:42:27 - [MESSAGE][PASSED] - Object: 'Object Repository/Shopify/btn_login' is clicked on

2023-02-20 09:42:27 - [MESSAGE][PASSED] - shopify.store.loginToStoreAdmin is PASSED

2023-02-20 09:42:27 - [TEST_STEP][PASSED] - alireview.install.inputRawDomain(store_name, host): alireview.install.inputRawDomain is PASSED

2023-02-20 09:43:34 - [MESSAGE][PASSED] - Navigate to 'https://ar-app-staging.fireapps.tech/' successfully

2023-02-20 09:43:35 - [MESSAGE][PASSED] - Text 'huynh-ar-stag-2476' is set on object 'Object Repository/Alireview/input_shop'

2023-02-20 09:43:37 - [MESSAGE][PASSED] - Object: 'Object Repository/Alireview/btn_login' is clicked on

2023-02-20 09:43:37 - [MESSAGE][PASSED] - alireview.install.inputRawDomain is PASSED

2023-02-20 09:43:37 - [TEST_STEP][PASSED] - alireview.install.installStep1(): alireview.install.installStep1 is PASSED

2023-02-20 09:43:45 - [MESSAGE][PASSED] - Object: 'Object Repository/Shopify Install App/btn_install_step1' is clicked on

2023-02-20 09:43:45 - [MESSAGE][PASSED] - alireview.install.installStep1 is PASSED

2023-02-20 09:43:45 - [TEST_STEP][PASSED] - alireview.install.onboardingSelectColor(color): alireview.install.onboardingSelectColor is PASSED

2023-02-20 09:43:58 - [MESSAGE][PASSED] - Text '#C75757' is set on object 'Object Repository/Alireview/input_color'

2023-02-20 09:43:58 - [MESSAGE][PASSED] - alireview.install.onboardingSelectColor is PASSED

2023-02-20 09:43:58 - [TEST_STEP][PASSED] - alireview.install.onboardingSelectStyle(layout_type): alireview.install.onboardingSelectStyle is PASSED

2023-02-20 09:43:59 - [MESSAGE][PASSED] - Object: 'Object Repository/Alireview/label_grid_onboarding' is clicked on

2023-02-20 09:43:59 - [MESSAGE][PASSED] - alireview.install.onboardingSelectStyle is PASSED

2023-02-20 09:43:59 - [TEST_STEP][PASSED] - alireview.install.onboardingNext(): alireview.install.onboardingNext is PASSED

2023-02-20 09:43:59 - [MESSAGE][PASSED] - Object: 'Object Repository/Alireview/btn_next_onboarding' is clicked on

2023-02-20 09:43:59 - [MESSAGE][PASSED] - alireview.install.onboardingNext is PASSED

2023-02-20 09:43:59 - [TEST_STEP][PASSED] - alireview.install.clickGetStartOnboarding(): alireview.install.clickGetStartOnboarding is PASSED

2023-02-20 09:43:59 - [MESSAGE][PASSED] - Object: 'Object Repository/Alireview/btn_get_start_onboarding' is clicked on

2023-02-20 09:43:59 - [MESSAGE][PASSED] - alireview.install.clickGetStartOnboarding is PASSED

2023-02-20 09:43:59 - [TEST_STEP][PASSED] - Start tear down : teardownIfPassed: Error occurred when try to run method 'teardownIfPassed' (Root cause: com.kms.katalon.core.exception.StepErrorException - com.kms.katalon.core.exception.StepErrorException: org.apache.poi.ss.formula.eval.NotImplementedException: Error evaluating cell Sheet2!B1)

2023-02-20 09:43:59 - [TEST_STEP][PASSED] - excelFilePath = "Data Files\store free 2.xlsx": null

2023-02-20 09:43:59 - [TEST_STEP][ERROR] - data.excel.updateValueToSheet(excelFilePath, "store", 4, store_name, 9, "Installed"): Error evaluating cell Sheet2!B1

2023-02-20 09:43:59 - [MESSAGE][ERROR] - Error evaluating cell Sheet2!B1

2023-02-20 09:43:59 - [MESSAGE][WARNING] - Error occurred when try to run method 'teardownIfPassed' (Root cause: com.kms.katalon.core.exception.StepErrorException - com.kms.katalon.core.exception.StepErrorException: org.apache.poi.ss.formula.eval.NotImplementedException: Error evaluating cell Sheet2!B1)]]></system-out>
         <system-err><![CDATA[]]></system-err>
      </testcase>
      <testcase name="Test Cases/Alireview/Install new store free" time="98.981" classname="Test Cases/Alireview/Install new store free" status="PASSED">
         <system-out><![CDATA[2023-02-20 09:43:59 - [TEST_CASE][PASSED] - Test Cases/Alireview/Install new store free: Test Cases/Alireview/Install new store free

2023-02-20 09:43:59 - [TEST_STEP][PASSED] - Start listener action : skipStatus: null

2023-02-20 09:43:59 - [TEST_STEP][PASSED] - map = testCaseContext.getTestCaseVariables(): null

2023-02-20 09:43:59 - [TEST_STEP][PASSED] - testcae_status = map.get("testcase_status"): null

2023-02-20 09:43:59 - [TEST_STEP][PASSED] - println(testcae_status): null

2023-02-20 09:43:59 - [TEST_STEP][PASSED] - if (testcae_status == "Passed" || testcae_status == "Failed"): null

2023-02-20 09:43:59 - [TEST_STEP][PASSED] - openBrowser(""): Browser is opened with url: ''

2023-02-20 09:43:59 - [MESSAGE][WARNING] - A browser is already opened. Closing browser and opening a new one

2023-02-20 09:44:00 - [MESSAGE][INFO] - Starting 'Chrome' driver

2023-02-20 09:44:00 - [MESSAGE][INFO] - Action delay is set to 0 milliseconds

2023-02-20 09:44:01 - [MESSAGE][PASSED] - Browser is opened with url: ''

2023-02-20 09:44:01 - [TEST_STEP][PASSED] - maximizeWindow(): Current window maximized

2023-02-20 09:44:01 - [MESSAGE][PASSED] - Current window maximized

2023-02-20 09:44:01 - [TEST_STEP][PASSED] - shopify.store.loginToStoreAdmin(partner_email, partner_password, store_name): shopify.store.loginToStoreAdmin is PASSED

2023-02-20 09:44:05 - [MESSAGE][PASSED] - Navigate to 'http://huynh-ar-stag-2477.myshopify.com/admin' successfully

2023-02-20 09:44:06 - [MESSAGE][PASSED] - Text 'huynh@firegroup.io' is set on object 'Object Repository/Shopify/input_email_shopify'

2023-02-20 09:44:11 - [MESSAGE][PASSED] - Object: 'Object Repository/Shopify/btn_continue_with_email' is clicked on

2023-02-20 09:44:13 - [MESSAGE][PASSED] - Text ****** has been set on object 'Object Repository/Shopify/input_password_shopify'

2023-02-20 09:44:27 - [MESSAGE][PASSED] - Object: 'Object Repository/Shopify/btn_login' is clicked on

2023-02-20 09:44:27 - [MESSAGE][PASSED] - shopify.store.loginToStoreAdmin is PASSED

2023-02-20 09:44:27 - [TEST_STEP][PASSED] - alireview.install.inputRawDomain(store_name, host): alireview.install.inputRawDomain is PASSED

2023-02-20 09:45:11 - [MESSAGE][PASSED] - Navigate to 'https://ar-app-staging.fireapps.tech/' successfully

2023-02-20 09:45:12 - [MESSAGE][PASSED] - Text 'huynh-ar-stag-2477' is set on object 'Object Repository/Alireview/input_shop'

2023-02-20 09:45:14 - [MESSAGE][PASSED] - Object: 'Object Repository/Alireview/btn_login' is clicked on

2023-02-20 09:45:14 - [MESSAGE][PASSED] - alireview.install.inputRawDomain is PASSED

2023-02-20 09:45:14 - [TEST_STEP][PASSED] - alireview.install.installStep1(): alireview.install.installStep1 is PASSED

2023-02-20 09:45:17 - [MESSAGE][PASSED] - Object: 'Object Repository/Shopify Install App/btn_install_step1' is clicked on

2023-02-20 09:45:17 - [MESSAGE][PASSED] - alireview.install.installStep1 is PASSED

2023-02-20 09:45:17 - [TEST_STEP][PASSED] - alireview.install.onboardingSelectColor(color): alireview.install.onboardingSelectColor is PASSED

2023-02-20 09:45:38 - [MESSAGE][PASSED] - Text '#C75757' is set on object 'Object Repository/Alireview/input_color'

2023-02-20 09:45:38 - [MESSAGE][PASSED] - alireview.install.onboardingSelectColor is PASSED

2023-02-20 09:45:38 - [TEST_STEP][PASSED] - alireview.install.onboardingSelectStyle(layout_type): alireview.install.onboardingSelectStyle is PASSED

2023-02-20 09:45:38 - [MESSAGE][PASSED] - Object: 'Object Repository/Alireview/label_grid_onboarding' is clicked on

2023-02-20 09:45:38 - [MESSAGE][PASSED] - alireview.install.onboardingSelectStyle is PASSED

2023-02-20 09:45:38 - [TEST_STEP][PASSED] - alireview.install.onboardingNext(): alireview.install.onboardingNext is PASSED

2023-02-20 09:45:38 - [MESSAGE][PASSED] - Object: 'Object Repository/Alireview/btn_next_onboarding' is clicked on

2023-02-20 09:45:38 - [MESSAGE][PASSED] - alireview.install.onboardingNext is PASSED

2023-02-20 09:45:38 - [TEST_STEP][PASSED] - alireview.install.clickGetStartOnboarding(): alireview.install.clickGetStartOnboarding is PASSED

2023-02-20 09:45:38 - [MESSAGE][PASSED] - Object: 'Object Repository/Alireview/btn_get_start_onboarding' is clicked on

2023-02-20 09:45:38 - [MESSAGE][PASSED] - alireview.install.clickGetStartOnboarding is PASSED

2023-02-20 09:45:38 - [TEST_STEP][PASSED] - Start tear down : teardownIfPassed: Error occurred when try to run method 'teardownIfPassed' (Root cause: com.kms.katalon.core.exception.StepErrorException - com.kms.katalon.core.exception.StepErrorException: org.apache.poi.ss.formula.eval.NotImplementedException: Error evaluating cell Sheet2!B1)

2023-02-20 09:45:38 - [TEST_STEP][PASSED] - excelFilePath = "Data Files\store free 2.xlsx": null

2023-02-20 09:45:38 - [TEST_STEP][ERROR] - data.excel.updateValueToSheet(excelFilePath, "store", 4, store_name, 9, "Installed"): Error evaluating cell Sheet2!B1

2023-02-20 09:45:38 - [MESSAGE][ERROR] - Error evaluating cell Sheet2!B1

2023-02-20 09:45:38 - [MESSAGE][WARNING] - Error occurred when try to run method 'teardownIfPassed' (Root cause: com.kms.katalon.core.exception.StepErrorException - com.kms.katalon.core.exception.StepErrorException: org.apache.poi.ss.formula.eval.NotImplementedException: Error evaluating cell Sheet2!B1)]]></system-out>
         <system-err><![CDATA[]]></system-err>
      </testcase>
      <testcase name="Test Cases/Alireview/Install new store free" time="95.508" classname="Test Cases/Alireview/Install new store free" status="FAILED">
         <failure type="FAILED" message="Test Cases/Alireview/Install new store free FAILED.
Reason:
com.kms.katalon.core.exception.StepFailedException: Unable to verify image 'Object Repository/Alireview/iframe_app' present
	at com.kms.katalon.core.webui.keyword.internal.WebUIKeywordMain.stepFailed(WebUIKeywordMain.groovy:64)
	at com.kms.katalon.core.webui.keyword.internal.WebUIKeywordMain.runKeyword(WebUIKeywordMain.groovy:26)
	at com.kms.katalon.core.webui.keyword.builtin.SwitchToFrameKeyword.switchToFrame(SwitchToFrameKeyword.groovy:84)
	at com.kms.katalon.core.webui.keyword.builtin.SwitchToFrameKeyword.execute(SwitchToFrameKeyword.groovy:68)
	at com.kms.katalon.core.keyword.internal.KeywordExecutor.executeKeywordForPlatform(KeywordExecutor.groovy:74)
	at com.kms.katalon.core.webui.keyword.WebUiBuiltInKeywords.switchToFrame(WebUiBuiltInKeywords.groovy:2899)
	at com.kms.katalon.core.webui.keyword.WebUiBuiltInKeywords$switchToFrame$6.call(Unknown Source)
	at alireview.install.onboardingSelectColor(install.groovy:38)
	at alireview.install.invokeMethod(install.groovy)
	at com.kms.katalon.core.main.CustomKeywordDelegatingMetaClass.invokeStaticMethod(CustomKeywordDelegatingMetaClass.java:55)
	at Install new store free.run(Install new store free:28)
	at com.kms.katalon.core.main.ScriptEngine.run(ScriptEngine.java:194)
	at com.kms.katalon.core.main.ScriptEngine.runScriptAsRawText(ScriptEngine.java:119)
	at com.kms.katalon.core.main.TestCaseExecutor.runScript(TestCaseExecutor.java:448)
	at com.kms.katalon.core.main.TestCaseExecutor.doExecute(TestCaseExecutor.java:439)
	at com.kms.katalon.core.main.TestCaseExecutor.processExecutionPhase(TestCaseExecutor.java:418)
	at com.kms.katalon.core.main.TestCaseExecutor.accessMainPhase(TestCaseExecutor.java:410)
	at com.kms.katalon.core.main.TestCaseExecutor.execute(TestCaseExecutor.java:285)
	at com.kms.katalon.core.common.CommonExecutor.accessTestCaseMainPhase(CommonExecutor.java:65)
	at com.kms.katalon.core.main.TestSuiteExecutor.accessTestSuiteMainPhase(TestSuiteExecutor.java:151)
	at com.kms.katalon.core.main.TestSuiteExecutor.execute(TestSuiteExecutor.java:106)
	at com.kms.katalon.core.main.TestCaseMain.startTestSuite(TestCaseMain.java:185)
	at com.kms.katalon.core.main.TestCaseMain$startTestSuite$0.call(Unknown Source)
	at TempTestSuite1676860744733.run(TempTestSuite1676860744733.groovy:36)
Caused by: com.kms.katalon.core.webui.exception.WebElementNotFoundException: Web element with id: 'Object Repository/Alireview/iframe_app' located by '//*[@name = 'app-iframe']' not found
	at com.kms.katalon.core.webui.common.WebUiCommonHelper.findWebElement(WebUiCommonHelper.java:1370)
	at com.kms.katalon.core.webui.keyword.builtin.SwitchToFrameKeyword$_switchToFrame_closure1.doCall(SwitchToFrameKeyword.groovy:77)
	at com.kms.katalon.core.webui.keyword.builtin.SwitchToFrameKeyword$_switchToFrame_closure1.call(SwitchToFrameKeyword.groovy)
	at com.kms.katalon.core.webui.keyword.internal.WebUIKeywordMain.runKeyword(WebUIKeywordMain.groovy:20)
	... 22 more
"/>
         <system-out><![CDATA[2023-02-20 09:45:38 - [TEST_CASE][FAILED] - Test Cases/Alireview/Install new store free: Test Cases/Alireview/Install new store free FAILED.
Reason:
com.kms.katalon.core.exception.StepFailedException: Unable to verify image 'Object Repository/Alireview/iframe_app' present
	at com.kms.katalon.core.webui.keyword.internal.WebUIKeywordMain.stepFailed(WebUIKeywordMain.groovy:64)
	at com.kms.katalon.core.webui.keyword.internal.WebUIKeywordMain.runKeyword(WebUIKeywordMain.groovy:26)
	at com.kms.katalon.core.webui.keyword.builtin.SwitchToFrameKeyword.switchToFrame(SwitchToFrameKeyword.groovy:84)
	at com.kms.katalon.core.webui.keyword.builtin.SwitchToFrameKeyword.execute(SwitchToFrameKeyword.groovy:68)
	at com.kms.katalon.core.keyword.internal.KeywordExecutor.executeKeywordForPlatform(KeywordExecutor.groovy:74)
	at com.kms.katalon.core.webui.keyword.WebUiBuiltInKeywords.switchToFrame(WebUiBuiltInKeywords.groovy:2899)
	at com.kms.katalon.core.webui.keyword.WebUiBuiltInKeywords$switchToFrame$6.call(Unknown Source)
	at alireview.install.onboardingSelectColor(install.groovy:38)
	at alireview.install.invokeMethod(install.groovy)
	at com.kms.katalon.core.main.CustomKeywordDelegatingMetaClass.invokeStaticMethod(CustomKeywordDelegatingMetaClass.java:55)
	at Install new store free.run(Install new store free:28)
	at com.kms.katalon.core.main.ScriptEngine.run(ScriptEngine.java:194)
	at com.kms.katalon.core.main.ScriptEngine.runScriptAsRawText(ScriptEngine.java:119)
	at com.kms.katalon.core.main.TestCaseExecutor.runScript(TestCaseExecutor.java:448)
	at com.kms.katalon.core.main.TestCaseExecutor.doExecute(TestCaseExecutor.java:439)
	at com.kms.katalon.core.main.TestCaseExecutor.processExecutionPhase(TestCaseExecutor.java:418)
	at com.kms.katalon.core.main.TestCaseExecutor.accessMainPhase(TestCaseExecutor.java:410)
	at com.kms.katalon.core.main.TestCaseExecutor.execute(TestCaseExecutor.java:285)
	at com.kms.katalon.core.common.CommonExecutor.accessTestCaseMainPhase(CommonExecutor.java:65)
	at com.kms.katalon.core.main.TestSuiteExecutor.accessTestSuiteMainPhase(TestSuiteExecutor.java:151)
	at com.kms.katalon.core.main.TestSuiteExecutor.execute(TestSuiteExecutor.java:106)
	at com.kms.katalon.core.main.TestCaseMain.startTestSuite(TestCaseMain.java:185)
	at com.kms.katalon.core.main.TestCaseMain$startTestSuite$0.call(Unknown Source)
	at TempTestSuite1676860744733.run(TempTestSuite1676860744733.groovy:36)
Caused by: com.kms.katalon.core.webui.exception.WebElementNotFoundException: Web element with id: 'Object Repository/Alireview/iframe_app' located by '//*[@name = 'app-iframe']' not found
	at com.kms.katalon.core.webui.common.WebUiCommonHelper.findWebElement(WebUiCommonHelper.java:1370)
	at com.kms.katalon.core.webui.keyword.builtin.SwitchToFrameKeyword$_switchToFrame_closure1.doCall(SwitchToFrameKeyword.groovy:77)
	at com.kms.katalon.core.webui.keyword.builtin.SwitchToFrameKeyword$_switchToFrame_closure1.call(SwitchToFrameKeyword.groovy)
	at com.kms.katalon.core.webui.keyword.internal.WebUIKeywordMain.runKeyword(WebUIKeywordMain.groovy:20)
	... 22 more


2023-02-20 09:45:38 - [TEST_STEP][PASSED] - Start listener action : skipStatus: null

2023-02-20 09:45:38 - [TEST_STEP][PASSED] - map = testCaseContext.getTestCaseVariables(): null

2023-02-20 09:45:38 - [TEST_STEP][PASSED] - testcae_status = map.get("testcase_status"): null

2023-02-20 09:45:38 - [TEST_STEP][PASSED] - println(testcae_status): null

2023-02-20 09:45:38 - [TEST_STEP][PASSED] - if (testcae_status == "Passed" || testcae_status == "Failed"): null

2023-02-20 09:45:38 - [TEST_STEP][PASSED] - openBrowser(""): Browser is opened with url: ''

2023-02-20 09:45:38 - [MESSAGE][WARNING] - A browser is already opened. Closing browser and opening a new one

2023-02-20 09:45:39 - [MESSAGE][INFO] - Starting 'Chrome' driver

2023-02-20 09:45:39 - [MESSAGE][INFO] - Action delay is set to 0 milliseconds

2023-02-20 09:45:40 - [MESSAGE][PASSED] - Browser is opened with url: ''

2023-02-20 09:45:40 - [TEST_STEP][PASSED] - maximizeWindow(): Current window maximized

2023-02-20 09:45:40 - [MESSAGE][PASSED] - Current window maximized

2023-02-20 09:45:40 - [TEST_STEP][PASSED] - shopify.store.loginToStoreAdmin(partner_email, partner_password, store_name): shopify.store.loginToStoreAdmin is PASSED

2023-02-20 09:45:46 - [MESSAGE][PASSED] - Navigate to 'http://huynh-ar-stag-2478.myshopify.com/admin' successfully

2023-02-20 09:45:47 - [MESSAGE][PASSED] - Text 'huynh@firegroup.io' is set on object 'Object Repository/Shopify/input_email_shopify'

2023-02-20 09:45:50 - [MESSAGE][PASSED] - Object: 'Object Repository/Shopify/btn_continue_with_email' is clicked on

2023-02-20 09:45:52 - [MESSAGE][PASSED] - Text ****** has been set on object 'Object Repository/Shopify/input_password_shopify'

2023-02-20 09:46:07 - [MESSAGE][PASSED] - Object: 'Object Repository/Shopify/btn_login' is clicked on

2023-02-20 09:46:07 - [MESSAGE][PASSED] - shopify.store.loginToStoreAdmin is PASSED

2023-02-20 09:46:07 - [TEST_STEP][PASSED] - alireview.install.inputRawDomain(store_name, host): alireview.install.inputRawDomain is PASSED

2023-02-20 09:46:53 - [MESSAGE][PASSED] - Navigate to 'https://ar-app-staging.fireapps.tech/' successfully

2023-02-20 09:46:54 - [MESSAGE][PASSED] - Text 'huynh-ar-stag-2478' is set on object 'Object Repository/Alireview/input_shop'

2023-02-20 09:46:57 - [MESSAGE][PASSED] - Object: 'Object Repository/Alireview/btn_login' is clicked on

2023-02-20 09:46:57 - [MESSAGE][PASSED] - alireview.install.inputRawDomain is PASSED

2023-02-20 09:46:57 - [TEST_STEP][PASSED] - alireview.install.installStep1(): alireview.install.installStep1 is PASSED

2023-02-20 09:47:00 - [MESSAGE][PASSED] - Object: 'Object Repository/Shopify Install App/btn_install_step1' is clicked on

2023-02-20 09:47:00 - [MESSAGE][PASSED] - alireview.install.installStep1 is PASSED

2023-02-20 09:47:00 - [TEST_STEP][FAILED] - alireview.install.onboardingSelectColor(color): Unable to verify image 'Object Repository/Alireview/iframe_app' present

2023-02-20 09:47:07 - [MESSAGE][INFO] - Unable to find the element located by 'By.xpath: //*[@name = 'app-iframe']'. Please recheck the objects properties to make sure the desired element is located. 

2023-02-20 09:47:07 - [MESSAGE][WARNING] - [SELF-HEALING] Failed to find element with id 'Object Repository/Alireview/iframe_app'. Try using Self-healing.

2023-02-20 09:47:08 - [MESSAGE][INFO] - [SELF-HEALING] No working XPath is found.

2023-02-20 09:47:13 - [MESSAGE][INFO] - Unable to find the element located by 'By.xpath: '. Please recheck the objects properties to make sure the desired element is located. 

2023-02-20 09:47:13 - [MESSAGE][WARNING] - [SELF-HEALING] Cannot find elements when the selector is null

2023-02-20 09:47:13 - [MESSAGE][FAILED] - Unable to verify image 'Object Repository/Alireview/iframe_app' present (Root cause: com.kms.katalon.core.exception.StepFailedException: Unable to verify image 'Object Repository/Alireview/iframe_app' present
	at com.kms.katalon.core.webui.keyword.internal.WebUIKeywordMain.stepFailed(WebUIKeywordMain.groovy:64)
	at com.kms.katalon.core.webui.keyword.internal.WebUIKeywordMain.runKeyword(WebUIKeywordMain.groovy:26)
	at com.kms.katalon.core.webui.keyword.builtin.SwitchToFrameKeyword.switchToFrame(SwitchToFrameKeyword.groovy:84)
	at com.kms.katalon.core.webui.keyword.builtin.SwitchToFrameKeyword.execute(SwitchToFrameKeyword.groovy:68)
	at com.kms.katalon.core.keyword.internal.KeywordExecutor.executeKeywordForPlatform(KeywordExecutor.groovy:74)
	at com.kms.katalon.core.webui.keyword.WebUiBuiltInKeywords.switchToFrame(WebUiBuiltInKeywords.groovy:2899)
	at com.kms.katalon.core.webui.keyword.WebUiBuiltInKeywords$switchToFrame$6.call(Unknown Source)
	at alireview.install.onboardingSelectColor(install.groovy:38)
	at alireview.install.invokeMethod(install.groovy)
	at com.kms.katalon.core.main.CustomKeywordDelegatingMetaClass.invokeStaticMethod(CustomKeywordDelegatingMetaClass.java:55)
	at Install new store free.run(Install new store free:28)
	at com.kms.katalon.core.main.ScriptEngine.run(ScriptEngine.java:194)
	at com.kms.katalon.core.main.ScriptEngine.runScriptAsRawText(ScriptEngine.java:119)
	at com.kms.katalon.core.main.TestCaseExecutor.runScript(TestCaseExecutor.java:448)
	at com.kms.katalon.core.main.TestCaseExecutor.doExecute(TestCaseExecutor.java:439)
	at com.kms.katalon.core.main.TestCaseExecutor.processExecutionPhase(TestCaseExecutor.java:418)
	at com.kms.katalon.core.main.TestCaseExecutor.accessMainPhase(TestCaseExecutor.java:410)
	at com.kms.katalon.core.main.TestCaseExecutor.execute(TestCaseExecutor.java:285)
	at com.kms.katalon.core.common.CommonExecutor.accessTestCaseMainPhase(CommonExecutor.java:65)
	at com.kms.katalon.core.main.TestSuiteExecutor.accessTestSuiteMainPhase(TestSuiteExecutor.java:151)
	at com.kms.katalon.core.main.TestSuiteExecutor.execute(TestSuiteExecutor.java:106)
	at com.kms.katalon.core.main.TestCaseMain.startTestSuite(TestCaseMain.java:185)
	at com.kms.katalon.core.main.TestCaseMain$startTestSuite$0.call(Unknown Source)
	at TempTestSuite1676860744733.run(TempTestSuite1676860744733.groovy:36)
Caused by: com.kms.katalon.core.webui.exception.WebElementNotFoundException: Web element with id: 'Object Repository/Alireview/iframe_app' located by '//*[@name = 'app-iframe']' not found
	at com.kms.katalon.core.webui.common.WebUiCommonHelper.findWebElement(WebUiCommonHelper.java:1370)
	at com.kms.katalon.core.webui.keyword.builtin.SwitchToFrameKeyword$_switchToFrame_closure1.doCall(SwitchToFrameKeyword.groovy:77)
	at com.kms.katalon.core.webui.keyword.builtin.SwitchToFrameKeyword$_switchToFrame_closure1.call(SwitchToFrameKeyword.groovy)
	at com.kms.katalon.core.webui.keyword.internal.WebUIKeywordMain.runKeyword(WebUIKeywordMain.groovy:20)
	at com.kms.katalon.core.webui.keyword.builtin.SwitchToFrameKeyword.switchToFrame(SwitchToFrameKeyword.groovy:84)
	at com.kms.katalon.core.webui.keyword.builtin.SwitchToFrameKeyword.execute(SwitchToFrameKeyword.groovy:68)
	at com.kms.katalon.core.keyword.internal.KeywordExecutor.executeKeywordForPlatform(KeywordExecutor.groovy:74)
	at com.kms.katalon.core.webui.keyword.WebUiBuiltInKeywords.switchToFrame(WebUiBuiltInKeywords.groovy:2899)
	at com.kms.katalon.core.webui.keyword.WebUiBuiltInKeywords$switchToFrame$6.call(Unknown Source)
	at alireview.install.onboardingSelectColor(install.groovy:38)
	at alireview.install.invokeMethod(install.groovy)
	at com.kms.katalon.core.main.CustomKeywordDelegatingMetaClass.invokeStaticMethod(CustomKeywordDelegatingMetaClass.java:55)
	at Script1673948457755.run(Script1673948457755.groovy:28)
	... 13 more
)
[[ATTACHMENT|C:\\Users\\huynh\\Documents\\Socialhead\\Automation\\Katalon project\\CreateStore\\CreateStore\\Reports\\20230220_093904\\Alireview\\Install Store Free\\20230220_093904\\1676861233626.png]]

2023-02-20 09:47:13 - [MESSAGE][FAILED] - Unable to verify image 'Object Repository/Alireview/iframe_app' present

2023-02-20 09:47:13 - [TEST_STEP][PASSED] - Start tear down : teardownIfFailed: Error occurred when try to run method 'teardownIfFailed' (Root cause: com.kms.katalon.core.exception.StepErrorException - com.kms.katalon.core.exception.StepErrorException: org.apache.poi.ss.formula.eval.NotImplementedException: Error evaluating cell Sheet2!B1)

2023-02-20 09:47:13 - [TEST_STEP][PASSED] - excelFilePath = "Data Files\store free 2.xlsx": null

2023-02-20 09:47:13 - [TEST_STEP][ERROR] - data.excel.updateValueToSheet(excelFilePath, "store", 4, store_name, 9, "Not install"): Error evaluating cell Sheet2!B1

2023-02-20 09:47:13 - [MESSAGE][ERROR] - Error evaluating cell Sheet2!B1

2023-02-20 09:47:13 - [MESSAGE][WARNING] - Error occurred when try to run method 'teardownIfFailed' (Root cause: com.kms.katalon.core.exception.StepErrorException - com.kms.katalon.core.exception.StepErrorException: org.apache.poi.ss.formula.eval.NotImplementedException: Error evaluating cell Sheet2!B1)]]></system-out>
         <system-err><![CDATA[2023-02-20 09:45:38 - [TEST_CASE][FAILED] - Test Cases/Alireview/Install new store free: Test Cases/Alireview/Install new store free FAILED.
Reason:
com.kms.katalon.core.exception.StepFailedException: Unable to verify image 'Object Repository/Alireview/iframe_app' present
	at com.kms.katalon.core.webui.keyword.internal.WebUIKeywordMain.stepFailed(WebUIKeywordMain.groovy:64)
	at com.kms.katalon.core.webui.keyword.internal.WebUIKeywordMain.runKeyword(WebUIKeywordMain.groovy:26)
	at com.kms.katalon.core.webui.keyword.builtin.SwitchToFrameKeyword.switchToFrame(SwitchToFrameKeyword.groovy:84)
	at com.kms.katalon.core.webui.keyword.builtin.SwitchToFrameKeyword.execute(SwitchToFrameKeyword.groovy:68)
	at com.kms.katalon.core.keyword.internal.KeywordExecutor.executeKeywordForPlatform(KeywordExecutor.groovy:74)
	at com.kms.katalon.core.webui.keyword.WebUiBuiltInKeywords.switchToFrame(WebUiBuiltInKeywords.groovy:2899)
	at com.kms.katalon.core.webui.keyword.WebUiBuiltInKeywords$switchToFrame$6.call(Unknown Source)
	at alireview.install.onboardingSelectColor(install.groovy:38)
	at alireview.install.invokeMethod(install.groovy)
	at com.kms.katalon.core.main.CustomKeywordDelegatingMetaClass.invokeStaticMethod(CustomKeywordDelegatingMetaClass.java:55)
	at Install new store free.run(Install new store free:28)
	at com.kms.katalon.core.main.ScriptEngine.run(ScriptEngine.java:194)
	at com.kms.katalon.core.main.ScriptEngine.runScriptAsRawText(ScriptEngine.java:119)
	at com.kms.katalon.core.main.TestCaseExecutor.runScript(TestCaseExecutor.java:448)
	at com.kms.katalon.core.main.TestCaseExecutor.doExecute(TestCaseExecutor.java:439)
	at com.kms.katalon.core.main.TestCaseExecutor.processExecutionPhase(TestCaseExecutor.java:418)
	at com.kms.katalon.core.main.TestCaseExecutor.accessMainPhase(TestCaseExecutor.java:410)
	at com.kms.katalon.core.main.TestCaseExecutor.execute(TestCaseExecutor.java:285)
	at com.kms.katalon.core.common.CommonExecutor.accessTestCaseMainPhase(CommonExecutor.java:65)
	at com.kms.katalon.core.main.TestSuiteExecutor.accessTestSuiteMainPhase(TestSuiteExecutor.java:151)
	at com.kms.katalon.core.main.TestSuiteExecutor.execute(TestSuiteExecutor.java:106)
	at com.kms.katalon.core.main.TestCaseMain.startTestSuite(TestCaseMain.java:185)
	at com.kms.katalon.core.main.TestCaseMain$startTestSuite$0.call(Unknown Source)
	at TempTestSuite1676860744733.run(TempTestSuite1676860744733.groovy:36)
Caused by: com.kms.katalon.core.webui.exception.WebElementNotFoundException: Web element with id: 'Object Repository/Alireview/iframe_app' located by '//*[@name = 'app-iframe']' not found
	at com.kms.katalon.core.webui.common.WebUiCommonHelper.findWebElement(WebUiCommonHelper.java:1370)
	at com.kms.katalon.core.webui.keyword.builtin.SwitchToFrameKeyword$_switchToFrame_closure1.doCall(SwitchToFrameKeyword.groovy:77)
	at com.kms.katalon.core.webui.keyword.builtin.SwitchToFrameKeyword$_switchToFrame_closure1.call(SwitchToFrameKeyword.groovy)
	at com.kms.katalon.core.webui.keyword.internal.WebUIKeywordMain.runKeyword(WebUIKeywordMain.groovy:20)
	... 22 more]]></system-err>
      </testcase>
      <testcase name="Test Cases/Alireview/Install new store free" time="83.504" classname="Test Cases/Alireview/Install new store free" status="FAILED">
         <failure type="FAILED" message="Test Cases/Alireview/Install new store free FAILED.
Reason:
com.kms.katalon.core.exception.StepFailedException: Unable to click on object 'Object Repository/Shopify Install App/btn_install_step1'
	at com.kms.katalon.core.webui.keyword.internal.WebUIKeywordMain.stepFailed(WebUIKeywordMain.groovy:64)
	at com.kms.katalon.core.webui.keyword.internal.WebUIKeywordMain.runKeyword(WebUIKeywordMain.groovy:26)
	at com.kms.katalon.core.webui.keyword.builtin.ClickKeyword.click(ClickKeyword.groovy:74)
	at com.kms.katalon.core.webui.keyword.builtin.ClickKeyword.execute(ClickKeyword.groovy:40)
	at com.kms.katalon.core.keyword.internal.KeywordExecutor.executeKeywordForPlatform(KeywordExecutor.groovy:74)
	at com.kms.katalon.core.webui.keyword.WebUiBuiltInKeywords.click(WebUiBuiltInKeywords.groovy:620)
	at com.kms.katalon.core.webui.keyword.WebUiBuiltInKeywords$click$3.call(Unknown Source)
	at alireview.install.installStep1(install.groovy:32)
	at alireview.install.invokeMethod(install.groovy)
	at com.kms.katalon.core.main.CustomKeywordDelegatingMetaClass.invokeStaticMethod(CustomKeywordDelegatingMetaClass.java:55)
	at Install new store free.run(Install new store free:26)
	at com.kms.katalon.core.main.ScriptEngine.run(ScriptEngine.java:194)
	at com.kms.katalon.core.main.ScriptEngine.runScriptAsRawText(ScriptEngine.java:119)
	at com.kms.katalon.core.main.TestCaseExecutor.runScript(TestCaseExecutor.java:448)
	at com.kms.katalon.core.main.TestCaseExecutor.doExecute(TestCaseExecutor.java:439)
	at com.kms.katalon.core.main.TestCaseExecutor.processExecutionPhase(TestCaseExecutor.java:418)
	at com.kms.katalon.core.main.TestCaseExecutor.accessMainPhase(TestCaseExecutor.java:410)
	at com.kms.katalon.core.main.TestCaseExecutor.execute(TestCaseExecutor.java:285)
	at com.kms.katalon.core.common.CommonExecutor.accessTestCaseMainPhase(CommonExecutor.java:65)
	at com.kms.katalon.core.main.TestSuiteExecutor.accessTestSuiteMainPhase(TestSuiteExecutor.java:151)
	at com.kms.katalon.core.main.TestSuiteExecutor.execute(TestSuiteExecutor.java:106)
	at com.kms.katalon.core.main.TestCaseMain.startTestSuite(TestCaseMain.java:185)
	at com.kms.katalon.core.main.TestCaseMain$startTestSuite$0.call(Unknown Source)
	at TempTestSuite1676860744733.run(TempTestSuite1676860744733.groovy:36)
Caused by: com.kms.katalon.core.webui.exception.WebElementNotFoundException: Web element with id: 'Object Repository/Shopify Install App/btn_install_step1' located by '//span[text()='Install unlisted app']' not found
	at com.kms.katalon.core.webui.common.WebUiCommonHelper.findWebElement(WebUiCommonHelper.java:1370)
	at com.kms.katalon.core.webui.keyword.internal.WebUIAbstractKeyword.findWebElement(WebUIAbstractKeyword.groovy:27)
	at com.kms.katalon.core.webui.keyword.builtin.ClickKeyword$_click_closure1.doCall(ClickKeyword.groovy:65)
	at com.kms.katalon.core.webui.keyword.builtin.ClickKeyword$_click_closure1.call(ClickKeyword.groovy)
	at com.kms.katalon.core.webui.keyword.internal.WebUIKeywordMain.runKeyword(WebUIKeywordMain.groovy:20)
	... 22 more
"/>
         <system-out><![CDATA[2023-02-20 09:47:13 - [TEST_CASE][FAILED] - Test Cases/Alireview/Install new store free: Test Cases/Alireview/Install new store free FAILED.
Reason:
com.kms.katalon.core.exception.StepFailedException: Unable to click on object 'Object Repository/Shopify Install App/btn_install_step1'
	at com.kms.katalon.core.webui.keyword.internal.WebUIKeywordMain.stepFailed(WebUIKeywordMain.groovy:64)
	at com.kms.katalon.core.webui.keyword.internal.WebUIKeywordMain.runKeyword(WebUIKeywordMain.groovy:26)
	at com.kms.katalon.core.webui.keyword.builtin.ClickKeyword.click(ClickKeyword.groovy:74)
	at com.kms.katalon.core.webui.keyword.builtin.ClickKeyword.execute(ClickKeyword.groovy:40)
	at com.kms.katalon.core.keyword.internal.KeywordExecutor.executeKeywordForPlatform(KeywordExecutor.groovy:74)
	at com.kms.katalon.core.webui.keyword.WebUiBuiltInKeywords.click(WebUiBuiltInKeywords.groovy:620)
	at com.kms.katalon.core.webui.keyword.WebUiBuiltInKeywords$click$3.call(Unknown Source)
	at alireview.install.installStep1(install.groovy:32)
	at alireview.install.invokeMethod(install.groovy)
	at com.kms.katalon.core.main.CustomKeywordDelegatingMetaClass.invokeStaticMethod(CustomKeywordDelegatingMetaClass.java:55)
	at Install new store free.run(Install new store free:26)
	at com.kms.katalon.core.main.ScriptEngine.run(ScriptEngine.java:194)
	at com.kms.katalon.core.main.ScriptEngine.runScriptAsRawText(ScriptEngine.java:119)
	at com.kms.katalon.core.main.TestCaseExecutor.runScript(TestCaseExecutor.java:448)
	at com.kms.katalon.core.main.TestCaseExecutor.doExecute(TestCaseExecutor.java:439)
	at com.kms.katalon.core.main.TestCaseExecutor.processExecutionPhase(TestCaseExecutor.java:418)
	at com.kms.katalon.core.main.TestCaseExecutor.accessMainPhase(TestCaseExecutor.java:410)
	at com.kms.katalon.core.main.TestCaseExecutor.execute(TestCaseExecutor.java:285)
	at com.kms.katalon.core.common.CommonExecutor.accessTestCaseMainPhase(CommonExecutor.java:65)
	at com.kms.katalon.core.main.TestSuiteExecutor.accessTestSuiteMainPhase(TestSuiteExecutor.java:151)
	at com.kms.katalon.core.main.TestSuiteExecutor.execute(TestSuiteExecutor.java:106)
	at com.kms.katalon.core.main.TestCaseMain.startTestSuite(TestCaseMain.java:185)
	at com.kms.katalon.core.main.TestCaseMain$startTestSuite$0.call(Unknown Source)
	at TempTestSuite1676860744733.run(TempTestSuite1676860744733.groovy:36)
Caused by: com.kms.katalon.core.webui.exception.WebElementNotFoundException: Web element with id: 'Object Repository/Shopify Install App/btn_install_step1' located by '//span[text()='Install unlisted app']' not found
	at com.kms.katalon.core.webui.common.WebUiCommonHelper.findWebElement(WebUiCommonHelper.java:1370)
	at com.kms.katalon.core.webui.keyword.internal.WebUIAbstractKeyword.findWebElement(WebUIAbstractKeyword.groovy:27)
	at com.kms.katalon.core.webui.keyword.builtin.ClickKeyword$_click_closure1.doCall(ClickKeyword.groovy:65)
	at com.kms.katalon.core.webui.keyword.builtin.ClickKeyword$_click_closure1.call(ClickKeyword.groovy)
	at com.kms.katalon.core.webui.keyword.internal.WebUIKeywordMain.runKeyword(WebUIKeywordMain.groovy:20)
	... 22 more


2023-02-20 09:47:13 - [TEST_STEP][PASSED] - Start listener action : skipStatus: null

2023-02-20 09:47:13 - [TEST_STEP][PASSED] - map = testCaseContext.getTestCaseVariables(): null

2023-02-20 09:47:13 - [TEST_STEP][PASSED] - testcae_status = map.get("testcase_status"): null

2023-02-20 09:47:13 - [TEST_STEP][PASSED] - println(testcae_status): null

2023-02-20 09:47:13 - [TEST_STEP][PASSED] - if (testcae_status == "Passed" || testcae_status == "Failed"): null

2023-02-20 09:47:13 - [TEST_STEP][PASSED] - openBrowser(""): Browser is opened with url: ''

2023-02-20 09:47:13 - [MESSAGE][WARNING] - A browser is already opened. Closing browser and opening a new one

2023-02-20 09:47:14 - [MESSAGE][INFO] - Starting 'Chrome' driver

2023-02-20 09:47:14 - [MESSAGE][INFO] - Action delay is set to 0 milliseconds

2023-02-20 09:47:15 - [MESSAGE][PASSED] - Browser is opened with url: ''

2023-02-20 09:47:15 - [TEST_STEP][PASSED] - maximizeWindow(): Current window maximized

2023-02-20 09:47:15 - [MESSAGE][PASSED] - Current window maximized

2023-02-20 09:47:15 - [TEST_STEP][PASSED] - shopify.store.loginToStoreAdmin(partner_email, partner_password, store_name): shopify.store.loginToStoreAdmin is PASSED

2023-02-20 09:47:20 - [MESSAGE][PASSED] - Navigate to 'http://huynh-ar-stag-2479.myshopify.com/admin' successfully

2023-02-20 09:47:21 - [MESSAGE][PASSED] - Text 'huynh@firegroup.io' is set on object 'Object Repository/Shopify/input_email_shopify'

2023-02-20 09:47:26 - [MESSAGE][PASSED] - Object: 'Object Repository/Shopify/btn_continue_with_email' is clicked on

2023-02-20 09:47:28 - [MESSAGE][PASSED] - Text ****** has been set on object 'Object Repository/Shopify/input_password_shopify'

2023-02-20 09:47:43 - [MESSAGE][PASSED] - Object: 'Object Repository/Shopify/btn_login' is clicked on

2023-02-20 09:47:43 - [MESSAGE][PASSED] - shopify.store.loginToStoreAdmin is PASSED

2023-02-20 09:47:43 - [TEST_STEP][PASSED] - alireview.install.inputRawDomain(store_name, host): alireview.install.inputRawDomain is PASSED

2023-02-20 09:47:53 - [MESSAGE][PASSED] - Navigate to 'https://ar-app-staging.fireapps.tech/' successfully

2023-02-20 09:47:54 - [MESSAGE][PASSED] - Text 'huynh-ar-stag-2479' is set on object 'Object Repository/Alireview/input_shop'

2023-02-20 09:48:03 - [MESSAGE][PASSED] - Object: 'Object Repository/Alireview/btn_login' is clicked on

2023-02-20 09:48:03 - [MESSAGE][PASSED] - alireview.install.inputRawDomain is PASSED

2023-02-20 09:48:03 - [TEST_STEP][FAILED] - alireview.install.installStep1(): Unable to click on object 'Object Repository/Shopify Install App/btn_install_step1'

2023-02-20 09:48:34 - [MESSAGE][INFO] - Unable to find the element located by 'By.xpath: //span[text()='Install unlisted app']'. Please recheck the objects properties to make sure the desired element is located. 

2023-02-20 09:48:34 - [MESSAGE][WARNING] - [SELF-HEALING] Failed to find element with id 'Object Repository/Shopify Install App/btn_install_step1'. Try using Self-healing.

2023-02-20 09:48:35 - [MESSAGE][INFO] - [SELF-HEALING] No working XPath is found.

2023-02-20 09:48:37 - [MESSAGE][INFO] - Unable to find the element located by 'By.xpath: '. Please recheck the objects properties to make sure the desired element is located. 

2023-02-20 09:48:37 - [MESSAGE][WARNING] - [SELF-HEALING] Cannot find elements when the selector is null

2023-02-20 09:48:37 - [MESSAGE][FAILED] - Unable to click on object 'Object Repository/Shopify Install App/btn_install_step1' (Root cause: com.kms.katalon.core.exception.StepFailedException: Unable to click on object 'Object Repository/Shopify Install App/btn_install_step1'
	at com.kms.katalon.core.webui.keyword.internal.WebUIKeywordMain.stepFailed(WebUIKeywordMain.groovy:64)
	at com.kms.katalon.core.webui.keyword.internal.WebUIKeywordMain.runKeyword(WebUIKeywordMain.groovy:26)
	at com.kms.katalon.core.webui.keyword.builtin.ClickKeyword.click(ClickKeyword.groovy:74)
	at com.kms.katalon.core.webui.keyword.builtin.ClickKeyword.execute(ClickKeyword.groovy:40)
	at com.kms.katalon.core.keyword.internal.KeywordExecutor.executeKeywordForPlatform(KeywordExecutor.groovy:74)
	at com.kms.katalon.core.webui.keyword.WebUiBuiltInKeywords.click(WebUiBuiltInKeywords.groovy:620)
	at com.kms.katalon.core.webui.keyword.WebUiBuiltInKeywords$click$3.call(Unknown Source)
	at alireview.install.installStep1(install.groovy:32)
	at alireview.install.invokeMethod(install.groovy)
	at com.kms.katalon.core.main.CustomKeywordDelegatingMetaClass.invokeStaticMethod(CustomKeywordDelegatingMetaClass.java:55)
	at Install new store free.run(Install new store free:26)
	at com.kms.katalon.core.main.ScriptEngine.run(ScriptEngine.java:194)
	at com.kms.katalon.core.main.ScriptEngine.runScriptAsRawText(ScriptEngine.java:119)
	at com.kms.katalon.core.main.TestCaseExecutor.runScript(TestCaseExecutor.java:448)
	at com.kms.katalon.core.main.TestCaseExecutor.doExecute(TestCaseExecutor.java:439)
	at com.kms.katalon.core.main.TestCaseExecutor.processExecutionPhase(TestCaseExecutor.java:418)
	at com.kms.katalon.core.main.TestCaseExecutor.accessMainPhase(TestCaseExecutor.java:410)
	at com.kms.katalon.core.main.TestCaseExecutor.execute(TestCaseExecutor.java:285)
	at com.kms.katalon.core.common.CommonExecutor.accessTestCaseMainPhase(CommonExecutor.java:65)
	at com.kms.katalon.core.main.TestSuiteExecutor.accessTestSuiteMainPhase(TestSuiteExecutor.java:151)
	at com.kms.katalon.core.main.TestSuiteExecutor.execute(TestSuiteExecutor.java:106)
	at com.kms.katalon.core.main.TestCaseMain.startTestSuite(TestCaseMain.java:185)
	at com.kms.katalon.core.main.TestCaseMain$startTestSuite$0.call(Unknown Source)
	at TempTestSuite1676860744733.run(TempTestSuite1676860744733.groovy:36)
Caused by: com.kms.katalon.core.webui.exception.WebElementNotFoundException: Web element with id: 'Object Repository/Shopify Install App/btn_install_step1' located by '//span[text()='Install unlisted app']' not found
	at com.kms.katalon.core.webui.common.WebUiCommonHelper.findWebElement(WebUiCommonHelper.java:1370)
	at com.kms.katalon.core.webui.keyword.internal.WebUIAbstractKeyword.findWebElement(WebUIAbstractKeyword.groovy:27)
	at com.kms.katalon.core.webui.keyword.builtin.ClickKeyword$_click_closure1.doCall(ClickKeyword.groovy:65)
	at com.kms.katalon.core.webui.keyword.builtin.ClickKeyword$_click_closure1.call(ClickKeyword.groovy)
	at com.kms.katalon.core.webui.keyword.internal.WebUIKeywordMain.runKeyword(WebUIKeywordMain.groovy:20)
	at com.kms.katalon.core.webui.keyword.builtin.ClickKeyword.click(ClickKeyword.groovy:74)
	at com.kms.katalon.core.webui.keyword.builtin.ClickKeyword.execute(ClickKeyword.groovy:40)
	at com.kms.katalon.core.keyword.internal.KeywordExecutor.executeKeywordForPlatform(KeywordExecutor.groovy:74)
	at com.kms.katalon.core.webui.keyword.WebUiBuiltInKeywords.click(WebUiBuiltInKeywords.groovy:620)
	at com.kms.katalon.core.webui.keyword.WebUiBuiltInKeywords$click$3.call(Unknown Source)
	at alireview.install.installStep1(install.groovy:32)
	at alireview.install.invokeMethod(install.groovy)
	at com.kms.katalon.core.main.CustomKeywordDelegatingMetaClass.invokeStaticMethod(CustomKeywordDelegatingMetaClass.java:55)
	at Script1673948457755.run(Script1673948457755.groovy:26)
	... 13 more
)
[[ATTACHMENT|C:\\Users\\huynh\\Documents\\Socialhead\\Automation\\Katalon project\\CreateStore\\CreateStore\\Reports\\20230220_093904\\Alireview\\Install Store Free\\20230220_093904\\1676861317206.png]]

2023-02-20 09:48:37 - [MESSAGE][FAILED] - Unable to click on object 'Object Repository/Shopify Install App/btn_install_step1'

2023-02-20 09:48:37 - [TEST_STEP][PASSED] - Start tear down : teardownIfFailed: Error occurred when try to run method 'teardownIfFailed' (Root cause: com.kms.katalon.core.exception.StepErrorException - com.kms.katalon.core.exception.StepErrorException: org.apache.poi.ss.formula.eval.NotImplementedException: Error evaluating cell Sheet2!B1)

2023-02-20 09:48:37 - [TEST_STEP][PASSED] - excelFilePath = "Data Files\store free 2.xlsx": null

2023-02-20 09:48:37 - [TEST_STEP][ERROR] - data.excel.updateValueToSheet(excelFilePath, "store", 4, store_name, 9, "Not install"): Error evaluating cell Sheet2!B1

2023-02-20 09:48:37 - [MESSAGE][ERROR] - Error evaluating cell Sheet2!B1

2023-02-20 09:48:37 - [MESSAGE][WARNING] - Error occurred when try to run method 'teardownIfFailed' (Root cause: com.kms.katalon.core.exception.StepErrorException - com.kms.katalon.core.exception.StepErrorException: org.apache.poi.ss.formula.eval.NotImplementedException: Error evaluating cell Sheet2!B1)]]></system-out>
         <system-err><![CDATA[2023-02-20 09:47:13 - [TEST_CASE][FAILED] - Test Cases/Alireview/Install new store free: Test Cases/Alireview/Install new store free FAILED.
Reason:
com.kms.katalon.core.exception.StepFailedException: Unable to click on object 'Object Repository/Shopify Install App/btn_install_step1'
	at com.kms.katalon.core.webui.keyword.internal.WebUIKeywordMain.stepFailed(WebUIKeywordMain.groovy:64)
	at com.kms.katalon.core.webui.keyword.internal.WebUIKeywordMain.runKeyword(WebUIKeywordMain.groovy:26)
	at com.kms.katalon.core.webui.keyword.builtin.ClickKeyword.click(ClickKeyword.groovy:74)
	at com.kms.katalon.core.webui.keyword.builtin.ClickKeyword.execute(ClickKeyword.groovy:40)
	at com.kms.katalon.core.keyword.internal.KeywordExecutor.executeKeywordForPlatform(KeywordExecutor.groovy:74)
	at com.kms.katalon.core.webui.keyword.WebUiBuiltInKeywords.click(WebUiBuiltInKeywords.groovy:620)
	at com.kms.katalon.core.webui.keyword.WebUiBuiltInKeywords$click$3.call(Unknown Source)
	at alireview.install.installStep1(install.groovy:32)
	at alireview.install.invokeMethod(install.groovy)
	at com.kms.katalon.core.main.CustomKeywordDelegatingMetaClass.invokeStaticMethod(CustomKeywordDelegatingMetaClass.java:55)
	at Install new store free.run(Install new store free:26)
	at com.kms.katalon.core.main.ScriptEngine.run(ScriptEngine.java:194)
	at com.kms.katalon.core.main.ScriptEngine.runScriptAsRawText(ScriptEngine.java:119)
	at com.kms.katalon.core.main.TestCaseExecutor.runScript(TestCaseExecutor.java:448)
	at com.kms.katalon.core.main.TestCaseExecutor.doExecute(TestCaseExecutor.java:439)
	at com.kms.katalon.core.main.TestCaseExecutor.processExecutionPhase(TestCaseExecutor.java:418)
	at com.kms.katalon.core.main.TestCaseExecutor.accessMainPhase(TestCaseExecutor.java:410)
	at com.kms.katalon.core.main.TestCaseExecutor.execute(TestCaseExecutor.java:285)
	at com.kms.katalon.core.common.CommonExecutor.accessTestCaseMainPhase(CommonExecutor.java:65)
	at com.kms.katalon.core.main.TestSuiteExecutor.accessTestSuiteMainPhase(TestSuiteExecutor.java:151)
	at com.kms.katalon.core.main.TestSuiteExecutor.execute(TestSuiteExecutor.java:106)
	at com.kms.katalon.core.main.TestCaseMain.startTestSuite(TestCaseMain.java:185)
	at com.kms.katalon.core.main.TestCaseMain$startTestSuite$0.call(Unknown Source)
	at TempTestSuite1676860744733.run(TempTestSuite1676860744733.groovy:36)
Caused by: com.kms.katalon.core.webui.exception.WebElementNotFoundException: Web element with id: 'Object Repository/Shopify Install App/btn_install_step1' located by '//span[text()='Install unlisted app']' not found
	at com.kms.katalon.core.webui.common.WebUiCommonHelper.findWebElement(WebUiCommonHelper.java:1370)
	at com.kms.katalon.core.webui.keyword.internal.WebUIAbstractKeyword.findWebElement(WebUIAbstractKeyword.groovy:27)
	at com.kms.katalon.core.webui.keyword.builtin.ClickKeyword$_click_closure1.doCall(ClickKeyword.groovy:65)
	at com.kms.katalon.core.webui.keyword.builtin.ClickKeyword$_click_closure1.call(ClickKeyword.groovy)
	at com.kms.katalon.core.webui.keyword.internal.WebUIKeywordMain.runKeyword(WebUIKeywordMain.groovy:20)
	... 22 more]]></system-err>
      </testcase>
      <testcase name="Test Cases/Alireview/Install new store free" time="71.245" classname="Test Cases/Alireview/Install new store free" status="PASSED">
         <system-out><![CDATA[2023-02-20 09:48:37 - [TEST_CASE][PASSED] - Test Cases/Alireview/Install new store free: Test Cases/Alireview/Install new store free

2023-02-20 09:48:37 - [TEST_STEP][PASSED] - Start listener action : skipStatus: null

2023-02-20 09:48:37 - [TEST_STEP][PASSED] - map = testCaseContext.getTestCaseVariables(): null

2023-02-20 09:48:37 - [TEST_STEP][PASSED] - testcae_status = map.get("testcase_status"): null

2023-02-20 09:48:37 - [TEST_STEP][PASSED] - println(testcae_status): null

2023-02-20 09:48:37 - [TEST_STEP][PASSED] - if (testcae_status == "Passed" || testcae_status == "Failed"): null

2023-02-20 09:48:37 - [TEST_STEP][PASSED] - openBrowser(""): Browser is opened with url: ''

2023-02-20 09:48:37 - [MESSAGE][WARNING] - A browser is already opened. Closing browser and opening a new one

2023-02-20 09:48:38 - [MESSAGE][INFO] - Starting 'Chrome' driver

2023-02-20 09:48:38 - [MESSAGE][INFO] - Action delay is set to 0 milliseconds

2023-02-20 09:48:39 - [MESSAGE][PASSED] - Browser is opened with url: ''

2023-02-20 09:48:39 - [TEST_STEP][PASSED] - maximizeWindow(): Current window maximized

2023-02-20 09:48:39 - [MESSAGE][PASSED] - Current window maximized

2023-02-20 09:48:39 - [TEST_STEP][PASSED] - shopify.store.loginToStoreAdmin(partner_email, partner_password, store_name): shopify.store.loginToStoreAdmin is PASSED

2023-02-20 09:48:43 - [MESSAGE][PASSED] - Navigate to 'http://huynh-ar-stag-2336.myshopify.com/admin' successfully

2023-02-20 09:48:44 - [MESSAGE][PASSED] - Text 'huynh@firegroup.io' is set on object 'Object Repository/Shopify/input_email_shopify'

2023-02-20 09:48:53 - [MESSAGE][PASSED] - Object: 'Object Repository/Shopify/btn_continue_with_email' is clicked on

2023-02-20 09:48:55 - [MESSAGE][PASSED] - Text ****** has been set on object 'Object Repository/Shopify/input_password_shopify'

2023-02-20 09:49:10 - [MESSAGE][PASSED] - Object: 'Object Repository/Shopify/btn_login' is clicked on

2023-02-20 09:49:10 - [MESSAGE][PASSED] - shopify.store.loginToStoreAdmin is PASSED

2023-02-20 09:49:10 - [TEST_STEP][PASSED] - alireview.install.inputRawDomain(store_name, host): alireview.install.inputRawDomain is PASSED

2023-02-20 09:49:18 - [MESSAGE][PASSED] - Navigate to 'https://ar-app-staging.fireapps.tech/' successfully

2023-02-20 09:49:19 - [MESSAGE][PASSED] - Text 'huynh-ar-stag-2336' is set on object 'Object Repository/Alireview/input_shop'

2023-02-20 09:49:21 - [MESSAGE][PASSED] - Object: 'Object Repository/Alireview/btn_login' is clicked on

2023-02-20 09:49:21 - [MESSAGE][PASSED] - alireview.install.inputRawDomain is PASSED

2023-02-20 09:49:21 - [TEST_STEP][PASSED] - alireview.install.installStep1(): alireview.install.installStep1 is PASSED

2023-02-20 09:49:25 - [MESSAGE][PASSED] - Object: 'Object Repository/Shopify Install App/btn_install_step1' is clicked on

2023-02-20 09:49:25 - [MESSAGE][PASSED] - alireview.install.installStep1 is PASSED

2023-02-20 09:49:25 - [TEST_STEP][PASSED] - alireview.install.onboardingSelectColor(color): alireview.install.onboardingSelectColor is PASSED

2023-02-20 09:49:48 - [MESSAGE][PASSED] - Text '#C75757' is set on object 'Object Repository/Alireview/input_color'

2023-02-20 09:49:48 - [MESSAGE][PASSED] - alireview.install.onboardingSelectColor is PASSED

2023-02-20 09:49:48 - [TEST_STEP][PASSED] - alireview.install.onboardingSelectStyle(layout_type): alireview.install.onboardingSelectStyle is PASSED

2023-02-20 09:49:48 - [MESSAGE][PASSED] - Object: 'Object Repository/Alireview/label_grid_onboarding' is clicked on

2023-02-20 09:49:48 - [MESSAGE][PASSED] - alireview.install.onboardingSelectStyle is PASSED

2023-02-20 09:49:48 - [TEST_STEP][PASSED] - alireview.install.onboardingNext(): alireview.install.onboardingNext is PASSED

2023-02-20 09:49:48 - [MESSAGE][PASSED] - Object: 'Object Repository/Alireview/btn_next_onboarding' is clicked on

2023-02-20 09:49:48 - [MESSAGE][PASSED] - alireview.install.onboardingNext is PASSED

2023-02-20 09:49:48 - [TEST_STEP][PASSED] - alireview.install.clickGetStartOnboarding(): alireview.install.clickGetStartOnboarding is PASSED

2023-02-20 09:49:48 - [MESSAGE][PASSED] - Object: 'Object Repository/Alireview/btn_get_start_onboarding' is clicked on

2023-02-20 09:49:48 - [MESSAGE][PASSED] - alireview.install.clickGetStartOnboarding is PASSED

2023-02-20 09:49:48 - [TEST_STEP][PASSED] - Start tear down : teardownIfPassed: Error occurred when try to run method 'teardownIfPassed' (Root cause: com.kms.katalon.core.exception.StepErrorException - com.kms.katalon.core.exception.StepErrorException: org.apache.poi.ss.formula.eval.NotImplementedException: Error evaluating cell Sheet2!B1)

2023-02-20 09:49:48 - [TEST_STEP][PASSED] - excelFilePath = "Data Files\store free 2.xlsx": null

2023-02-20 09:49:48 - [TEST_STEP][ERROR] - data.excel.updateValueToSheet(excelFilePath, "store", 4, store_name, 9, "Installed"): Error evaluating cell Sheet2!B1

2023-02-20 09:49:48 - [MESSAGE][ERROR] - Error evaluating cell Sheet2!B1

2023-02-20 09:49:48 - [MESSAGE][WARNING] - Error occurred when try to run method 'teardownIfPassed' (Root cause: com.kms.katalon.core.exception.StepErrorException - com.kms.katalon.core.exception.StepErrorException: org.apache.poi.ss.formula.eval.NotImplementedException: Error evaluating cell Sheet2!B1)]]></system-out>
         <system-err><![CDATA[]]></system-err>
      </testcase>
      <testcase name="Test Cases/Alireview/Install new store free" time="60.751" classname="Test Cases/Alireview/Install new store free" status="FAILED">
         <failure type="FAILED" message="Test Cases/Alireview/Install new store free FAILED.
Reason:
com.kms.katalon.core.exception.StepFailedException: Unable to verify image 'Object Repository/Alireview/iframe_app' present
	at com.kms.katalon.core.webui.keyword.internal.WebUIKeywordMain.stepFailed(WebUIKeywordMain.groovy:64)
	at com.kms.katalon.core.webui.keyword.internal.WebUIKeywordMain.runKeyword(WebUIKeywordMain.groovy:26)
	at com.kms.katalon.core.webui.keyword.builtin.SwitchToFrameKeyword.switchToFrame(SwitchToFrameKeyword.groovy:84)
	at com.kms.katalon.core.webui.keyword.builtin.SwitchToFrameKeyword.execute(SwitchToFrameKeyword.groovy:68)
	at com.kms.katalon.core.keyword.internal.KeywordExecutor.executeKeywordForPlatform(KeywordExecutor.groovy:74)
	at com.kms.katalon.core.webui.keyword.WebUiBuiltInKeywords.switchToFrame(WebUiBuiltInKeywords.groovy:2899)
	at com.kms.katalon.core.webui.keyword.WebUiBuiltInKeywords$switchToFrame$6.call(Unknown Source)
	at alireview.install.onboardingSelectColor(install.groovy:38)
	at alireview.install.invokeMethod(install.groovy)
	at com.kms.katalon.core.main.CustomKeywordDelegatingMetaClass.invokeStaticMethod(CustomKeywordDelegatingMetaClass.java:55)
	at Install new store free.run(Install new store free:28)
	at com.kms.katalon.core.main.ScriptEngine.run(ScriptEngine.java:194)
	at com.kms.katalon.core.main.ScriptEngine.runScriptAsRawText(ScriptEngine.java:119)
	at com.kms.katalon.core.main.TestCaseExecutor.runScript(TestCaseExecutor.java:448)
	at com.kms.katalon.core.main.TestCaseExecutor.doExecute(TestCaseExecutor.java:439)
	at com.kms.katalon.core.main.TestCaseExecutor.processExecutionPhase(TestCaseExecutor.java:418)
	at com.kms.katalon.core.main.TestCaseExecutor.accessMainPhase(TestCaseExecutor.java:410)
	at com.kms.katalon.core.main.TestCaseExecutor.execute(TestCaseExecutor.java:285)
	at com.kms.katalon.core.common.CommonExecutor.accessTestCaseMainPhase(CommonExecutor.java:65)
	at com.kms.katalon.core.main.TestSuiteExecutor.accessTestSuiteMainPhase(TestSuiteExecutor.java:151)
	at com.kms.katalon.core.main.TestSuiteExecutor.execute(TestSuiteExecutor.java:106)
	at com.kms.katalon.core.main.TestCaseMain.startTestSuite(TestCaseMain.java:185)
	at com.kms.katalon.core.main.TestCaseMain$startTestSuite$0.call(Unknown Source)
	at TempTestSuite1676860744733.run(TempTestSuite1676860744733.groovy:36)
Caused by: com.kms.katalon.core.webui.exception.WebElementNotFoundException: Web element with id: 'Object Repository/Alireview/iframe_app' located by '//*[@name = 'app-iframe']' not found
	at com.kms.katalon.core.webui.common.WebUiCommonHelper.findWebElement(WebUiCommonHelper.java:1370)
	at com.kms.katalon.core.webui.keyword.builtin.SwitchToFrameKeyword$_switchToFrame_closure1.doCall(SwitchToFrameKeyword.groovy:77)
	at com.kms.katalon.core.webui.keyword.builtin.SwitchToFrameKeyword$_switchToFrame_closure1.call(SwitchToFrameKeyword.groovy)
	at com.kms.katalon.core.webui.keyword.internal.WebUIKeywordMain.runKeyword(WebUIKeywordMain.groovy:20)
	... 22 more
"/>
         <system-out><![CDATA[2023-02-20 09:49:48 - [TEST_CASE][FAILED] - Test Cases/Alireview/Install new store free: Test Cases/Alireview/Install new store free FAILED.
Reason:
com.kms.katalon.core.exception.StepFailedException: Unable to verify image 'Object Repository/Alireview/iframe_app' present
	at com.kms.katalon.core.webui.keyword.internal.WebUIKeywordMain.stepFailed(WebUIKeywordMain.groovy:64)
	at com.kms.katalon.core.webui.keyword.internal.WebUIKeywordMain.runKeyword(WebUIKeywordMain.groovy:26)
	at com.kms.katalon.core.webui.keyword.builtin.SwitchToFrameKeyword.switchToFrame(SwitchToFrameKeyword.groovy:84)
	at com.kms.katalon.core.webui.keyword.builtin.SwitchToFrameKeyword.execute(SwitchToFrameKeyword.groovy:68)
	at com.kms.katalon.core.keyword.internal.KeywordExecutor.executeKeywordForPlatform(KeywordExecutor.groovy:74)
	at com.kms.katalon.core.webui.keyword.WebUiBuiltInKeywords.switchToFrame(WebUiBuiltInKeywords.groovy:2899)
	at com.kms.katalon.core.webui.keyword.WebUiBuiltInKeywords$switchToFrame$6.call(Unknown Source)
	at alireview.install.onboardingSelectColor(install.groovy:38)
	at alireview.install.invokeMethod(install.groovy)
	at com.kms.katalon.core.main.CustomKeywordDelegatingMetaClass.invokeStaticMethod(CustomKeywordDelegatingMetaClass.java:55)
	at Install new store free.run(Install new store free:28)
	at com.kms.katalon.core.main.ScriptEngine.run(ScriptEngine.java:194)
	at com.kms.katalon.core.main.ScriptEngine.runScriptAsRawText(ScriptEngine.java:119)
	at com.kms.katalon.core.main.TestCaseExecutor.runScript(TestCaseExecutor.java:448)
	at com.kms.katalon.core.main.TestCaseExecutor.doExecute(TestCaseExecutor.java:439)
	at com.kms.katalon.core.main.TestCaseExecutor.processExecutionPhase(TestCaseExecutor.java:418)
	at com.kms.katalon.core.main.TestCaseExecutor.accessMainPhase(TestCaseExecutor.java:410)
	at com.kms.katalon.core.main.TestCaseExecutor.execute(TestCaseExecutor.java:285)
	at com.kms.katalon.core.common.CommonExecutor.accessTestCaseMainPhase(CommonExecutor.java:65)
	at com.kms.katalon.core.main.TestSuiteExecutor.accessTestSuiteMainPhase(TestSuiteExecutor.java:151)
	at com.kms.katalon.core.main.TestSuiteExecutor.execute(TestSuiteExecutor.java:106)
	at com.kms.katalon.core.main.TestCaseMain.startTestSuite(TestCaseMain.java:185)
	at com.kms.katalon.core.main.TestCaseMain$startTestSuite$0.call(Unknown Source)
	at TempTestSuite1676860744733.run(TempTestSuite1676860744733.groovy:36)
Caused by: com.kms.katalon.core.webui.exception.WebElementNotFoundException: Web element with id: 'Object Repository/Alireview/iframe_app' located by '//*[@name = 'app-iframe']' not found
	at com.kms.katalon.core.webui.common.WebUiCommonHelper.findWebElement(WebUiCommonHelper.java:1370)
	at com.kms.katalon.core.webui.keyword.builtin.SwitchToFrameKeyword$_switchToFrame_closure1.doCall(SwitchToFrameKeyword.groovy:77)
	at com.kms.katalon.core.webui.keyword.builtin.SwitchToFrameKeyword$_switchToFrame_closure1.call(SwitchToFrameKeyword.groovy)
	at com.kms.katalon.core.webui.keyword.internal.WebUIKeywordMain.runKeyword(WebUIKeywordMain.groovy:20)
	... 22 more


2023-02-20 09:49:48 - [TEST_STEP][PASSED] - Start listener action : skipStatus: null

2023-02-20 09:49:48 - [TEST_STEP][PASSED] - map = testCaseContext.getTestCaseVariables(): null

2023-02-20 09:49:48 - [TEST_STEP][PASSED] - testcae_status = map.get("testcase_status"): null

2023-02-20 09:49:48 - [TEST_STEP][PASSED] - println(testcae_status): null

2023-02-20 09:49:48 - [TEST_STEP][PASSED] - if (testcae_status == "Passed" || testcae_status == "Failed"): null

2023-02-20 09:49:48 - [TEST_STEP][PASSED] - openBrowser(""): Browser is opened with url: ''

2023-02-20 09:49:48 - [MESSAGE][WARNING] - A browser is already opened. Closing browser and opening a new one

2023-02-20 09:49:49 - [MESSAGE][INFO] - Starting 'Chrome' driver

2023-02-20 09:49:49 - [MESSAGE][INFO] - Action delay is set to 0 milliseconds

2023-02-20 09:49:50 - [MESSAGE][PASSED] - Browser is opened with url: ''

2023-02-20 09:49:50 - [TEST_STEP][PASSED] - maximizeWindow(): Current window maximized

2023-02-20 09:49:50 - [MESSAGE][PASSED] - Current window maximized

2023-02-20 09:49:50 - [TEST_STEP][PASSED] - shopify.store.loginToStoreAdmin(partner_email, partner_password, store_name): shopify.store.loginToStoreAdmin is PASSED

2023-02-20 09:49:55 - [MESSAGE][PASSED] - Navigate to 'http://huynh-ar-stag-2337.myshopify.com/admin' successfully

2023-02-20 09:49:55 - [MESSAGE][PASSED] - Text 'huynh@firegroup.io' is set on object 'Object Repository/Shopify/input_email_shopify'

2023-02-20 09:50:00 - [MESSAGE][PASSED] - Object: 'Object Repository/Shopify/btn_continue_with_email' is clicked on

2023-02-20 09:50:02 - [MESSAGE][PASSED] - Text ****** has been set on object 'Object Repository/Shopify/input_password_shopify'

2023-02-20 09:50:10 - [MESSAGE][PASSED] - Object: 'Object Repository/Shopify/btn_login' is clicked on

2023-02-20 09:50:10 - [MESSAGE][PASSED] - shopify.store.loginToStoreAdmin is PASSED

2023-02-20 09:50:10 - [TEST_STEP][PASSED] - alireview.install.inputRawDomain(store_name, host): alireview.install.inputRawDomain is PASSED

2023-02-20 09:50:33 - [MESSAGE][PASSED] - Navigate to 'https://ar-app-staging.fireapps.tech/' successfully

2023-02-20 09:50:34 - [MESSAGE][PASSED] - Text 'huynh-ar-stag-2337' is set on object 'Object Repository/Alireview/input_shop'

2023-02-20 09:50:36 - [MESSAGE][PASSED] - Object: 'Object Repository/Alireview/btn_login' is clicked on

2023-02-20 09:50:36 - [MESSAGE][PASSED] - alireview.install.inputRawDomain is PASSED

2023-02-20 09:50:36 - [TEST_STEP][PASSED] - alireview.install.installStep1(): alireview.install.installStep1 is PASSED

2023-02-20 09:50:40 - [MESSAGE][PASSED] - Object: 'Object Repository/Shopify Install App/btn_install_step1' is clicked on

2023-02-20 09:50:40 - [MESSAGE][PASSED] - alireview.install.installStep1 is PASSED

2023-02-20 09:50:40 - [TEST_STEP][FAILED] - alireview.install.onboardingSelectColor(color): Unable to verify image 'Object Repository/Alireview/iframe_app' present

2023-02-20 09:50:47 - [MESSAGE][INFO] - Unable to find the element located by 'By.xpath: //*[@name = 'app-iframe']'. Please recheck the objects properties to make sure the desired element is located. 

2023-02-20 09:50:47 - [MESSAGE][WARNING] - [SELF-HEALING] Failed to find element with id 'Object Repository/Alireview/iframe_app'. Try using Self-healing.

2023-02-20 09:50:48 - [MESSAGE][INFO] - [SELF-HEALING] No working XPath is found.

2023-02-20 09:50:49 - [MESSAGE][INFO] - Unable to find the element located by 'By.xpath: '. Please recheck the objects properties to make sure the desired element is located. 

2023-02-20 09:50:49 - [MESSAGE][WARNING] - [SELF-HEALING] Cannot find elements when the selector is null

2023-02-20 09:50:49 - [MESSAGE][FAILED] - Unable to verify image 'Object Repository/Alireview/iframe_app' present (Root cause: com.kms.katalon.core.exception.StepFailedException: Unable to verify image 'Object Repository/Alireview/iframe_app' present
	at com.kms.katalon.core.webui.keyword.internal.WebUIKeywordMain.stepFailed(WebUIKeywordMain.groovy:64)
	at com.kms.katalon.core.webui.keyword.internal.WebUIKeywordMain.runKeyword(WebUIKeywordMain.groovy:26)
	at com.kms.katalon.core.webui.keyword.builtin.SwitchToFrameKeyword.switchToFrame(SwitchToFrameKeyword.groovy:84)
	at com.kms.katalon.core.webui.keyword.builtin.SwitchToFrameKeyword.execute(SwitchToFrameKeyword.groovy:68)
	at com.kms.katalon.core.keyword.internal.KeywordExecutor.executeKeywordForPlatform(KeywordExecutor.groovy:74)
	at com.kms.katalon.core.webui.keyword.WebUiBuiltInKeywords.switchToFrame(WebUiBuiltInKeywords.groovy:2899)
	at com.kms.katalon.core.webui.keyword.WebUiBuiltInKeywords$switchToFrame$6.call(Unknown Source)
	at alireview.install.onboardingSelectColor(install.groovy:38)
	at alireview.install.invokeMethod(install.groovy)
	at com.kms.katalon.core.main.CustomKeywordDelegatingMetaClass.invokeStaticMethod(CustomKeywordDelegatingMetaClass.java:55)
	at Install new store free.run(Install new store free:28)
	at com.kms.katalon.core.main.ScriptEngine.run(ScriptEngine.java:194)
	at com.kms.katalon.core.main.ScriptEngine.runScriptAsRawText(ScriptEngine.java:119)
	at com.kms.katalon.core.main.TestCaseExecutor.runScript(TestCaseExecutor.java:448)
	at com.kms.katalon.core.main.TestCaseExecutor.doExecute(TestCaseExecutor.java:439)
	at com.kms.katalon.core.main.TestCaseExecutor.processExecutionPhase(TestCaseExecutor.java:418)
	at com.kms.katalon.core.main.TestCaseExecutor.accessMainPhase(TestCaseExecutor.java:410)
	at com.kms.katalon.core.main.TestCaseExecutor.execute(TestCaseExecutor.java:285)
	at com.kms.katalon.core.common.CommonExecutor.accessTestCaseMainPhase(CommonExecutor.java:65)
	at com.kms.katalon.core.main.TestSuiteExecutor.accessTestSuiteMainPhase(TestSuiteExecutor.java:151)
	at com.kms.katalon.core.main.TestSuiteExecutor.execute(TestSuiteExecutor.java:106)
	at com.kms.katalon.core.main.TestCaseMain.startTestSuite(TestCaseMain.java:185)
	at com.kms.katalon.core.main.TestCaseMain$startTestSuite$0.call(Unknown Source)
	at TempTestSuite1676860744733.run(TempTestSuite1676860744733.groovy:36)
Caused by: com.kms.katalon.core.webui.exception.WebElementNotFoundException: Web element with id: 'Object Repository/Alireview/iframe_app' located by '//*[@name = 'app-iframe']' not found
	at com.kms.katalon.core.webui.common.WebUiCommonHelper.findWebElement(WebUiCommonHelper.java:1370)
	at com.kms.katalon.core.webui.keyword.builtin.SwitchToFrameKeyword$_switchToFrame_closure1.doCall(SwitchToFrameKeyword.groovy:77)
	at com.kms.katalon.core.webui.keyword.builtin.SwitchToFrameKeyword$_switchToFrame_closure1.call(SwitchToFrameKeyword.groovy)
	at com.kms.katalon.core.webui.keyword.internal.WebUIKeywordMain.runKeyword(WebUIKeywordMain.groovy:20)
	at com.kms.katalon.core.webui.keyword.builtin.SwitchToFrameKeyword.switchToFrame(SwitchToFrameKeyword.groovy:84)
	at com.kms.katalon.core.webui.keyword.builtin.SwitchToFrameKeyword.execute(SwitchToFrameKeyword.groovy:68)
	at com.kms.katalon.core.keyword.internal.KeywordExecutor.executeKeywordForPlatform(KeywordExecutor.groovy:74)
	at com.kms.katalon.core.webui.keyword.WebUiBuiltInKeywords.switchToFrame(WebUiBuiltInKeywords.groovy:2899)
	at com.kms.katalon.core.webui.keyword.WebUiBuiltInKeywords$switchToFrame$6.call(Unknown Source)
	at alireview.install.onboardingSelectColor(install.groovy:38)
	at alireview.install.invokeMethod(install.groovy)
	at com.kms.katalon.core.main.CustomKeywordDelegatingMetaClass.invokeStaticMethod(CustomKeywordDelegatingMetaClass.java:55)
	at Script1673948457755.run(Script1673948457755.groovy:28)
	... 13 more
)
[[ATTACHMENT|C:\\Users\\huynh\\Documents\\Socialhead\\Automation\\Katalon project\\CreateStore\\CreateStore\\Reports\\20230220_093904\\Alireview\\Install Store Free\\20230220_093904\\1676861449236.png]]

2023-02-20 09:50:49 - [MESSAGE][FAILED] - Unable to verify image 'Object Repository/Alireview/iframe_app' present

2023-02-20 09:50:49 - [TEST_STEP][PASSED] - Start tear down : teardownIfFailed: Error occurred when try to run method 'teardownIfFailed' (Root cause: com.kms.katalon.core.exception.StepErrorException - com.kms.katalon.core.exception.StepErrorException: org.apache.poi.ss.formula.eval.NotImplementedException: Error evaluating cell Sheet2!B1)

2023-02-20 09:50:49 - [TEST_STEP][PASSED] - excelFilePath = "Data Files\store free 2.xlsx": null

2023-02-20 09:50:49 - [TEST_STEP][ERROR] - data.excel.updateValueToSheet(excelFilePath, "store", 4, store_name, 9, "Not install"): Error evaluating cell Sheet2!B1

2023-02-20 09:50:49 - [MESSAGE][ERROR] - Error evaluating cell Sheet2!B1

2023-02-20 09:50:49 - [MESSAGE][WARNING] - Error occurred when try to run method 'teardownIfFailed' (Root cause: com.kms.katalon.core.exception.StepErrorException - com.kms.katalon.core.exception.StepErrorException: org.apache.poi.ss.formula.eval.NotImplementedException: Error evaluating cell Sheet2!B1)]]></system-out>
         <system-err><![CDATA[2023-02-20 09:49:48 - [TEST_CASE][FAILED] - Test Cases/Alireview/Install new store free: Test Cases/Alireview/Install new store free FAILED.
Reason:
com.kms.katalon.core.exception.StepFailedException: Unable to verify image 'Object Repository/Alireview/iframe_app' present
	at com.kms.katalon.core.webui.keyword.internal.WebUIKeywordMain.stepFailed(WebUIKeywordMain.groovy:64)
	at com.kms.katalon.core.webui.keyword.internal.WebUIKeywordMain.runKeyword(WebUIKeywordMain.groovy:26)
	at com.kms.katalon.core.webui.keyword.builtin.SwitchToFrameKeyword.switchToFrame(SwitchToFrameKeyword.groovy:84)
	at com.kms.katalon.core.webui.keyword.builtin.SwitchToFrameKeyword.execute(SwitchToFrameKeyword.groovy:68)
	at com.kms.katalon.core.keyword.internal.KeywordExecutor.executeKeywordForPlatform(KeywordExecutor.groovy:74)
	at com.kms.katalon.core.webui.keyword.WebUiBuiltInKeywords.switchToFrame(WebUiBuiltInKeywords.groovy:2899)
	at com.kms.katalon.core.webui.keyword.WebUiBuiltInKeywords$switchToFrame$6.call(Unknown Source)
	at alireview.install.onboardingSelectColor(install.groovy:38)
	at alireview.install.invokeMethod(install.groovy)
	at com.kms.katalon.core.main.CustomKeywordDelegatingMetaClass.invokeStaticMethod(CustomKeywordDelegatingMetaClass.java:55)
	at Install new store free.run(Install new store free:28)
	at com.kms.katalon.core.main.ScriptEngine.run(ScriptEngine.java:194)
	at com.kms.katalon.core.main.ScriptEngine.runScriptAsRawText(ScriptEngine.java:119)
	at com.kms.katalon.core.main.TestCaseExecutor.runScript(TestCaseExecutor.java:448)
	at com.kms.katalon.core.main.TestCaseExecutor.doExecute(TestCaseExecutor.java:439)
	at com.kms.katalon.core.main.TestCaseExecutor.processExecutionPhase(TestCaseExecutor.java:418)
	at com.kms.katalon.core.main.TestCaseExecutor.accessMainPhase(TestCaseExecutor.java:410)
	at com.kms.katalon.core.main.TestCaseExecutor.execute(TestCaseExecutor.java:285)
	at com.kms.katalon.core.common.CommonExecutor.accessTestCaseMainPhase(CommonExecutor.java:65)
	at com.kms.katalon.core.main.TestSuiteExecutor.accessTestSuiteMainPhase(TestSuiteExecutor.java:151)
	at com.kms.katalon.core.main.TestSuiteExecutor.execute(TestSuiteExecutor.java:106)
	at com.kms.katalon.core.main.TestCaseMain.startTestSuite(TestCaseMain.java:185)
	at com.kms.katalon.core.main.TestCaseMain$startTestSuite$0.call(Unknown Source)
	at TempTestSuite1676860744733.run(TempTestSuite1676860744733.groovy:36)
Caused by: com.kms.katalon.core.webui.exception.WebElementNotFoundException: Web element with id: 'Object Repository/Alireview/iframe_app' located by '//*[@name = 'app-iframe']' not found
	at com.kms.katalon.core.webui.common.WebUiCommonHelper.findWebElement(WebUiCommonHelper.java:1370)
	at com.kms.katalon.core.webui.keyword.builtin.SwitchToFrameKeyword$_switchToFrame_closure1.doCall(SwitchToFrameKeyword.groovy:77)
	at com.kms.katalon.core.webui.keyword.builtin.SwitchToFrameKeyword$_switchToFrame_closure1.call(SwitchToFrameKeyword.groovy)
	at com.kms.katalon.core.webui.keyword.internal.WebUIKeywordMain.runKeyword(WebUIKeywordMain.groovy:20)
	... 22 more]]></system-err>
      </testcase>
      <testcase name="Test Cases/Alireview/Install new store free" time="60.486" classname="Test Cases/Alireview/Install new store free" status="PASSED">
         <system-out><![CDATA[2023-02-20 09:50:49 - [TEST_CASE][PASSED] - Test Cases/Alireview/Install new store free: Test Cases/Alireview/Install new store free

2023-02-20 09:50:49 - [TEST_STEP][PASSED] - Start listener action : skipStatus: null

2023-02-20 09:50:49 - [TEST_STEP][PASSED] - map = testCaseContext.getTestCaseVariables(): null

2023-02-20 09:50:49 - [TEST_STEP][PASSED] - testcae_status = map.get("testcase_status"): null

2023-02-20 09:50:49 - [TEST_STEP][PASSED] - println(testcae_status): null

2023-02-20 09:50:49 - [TEST_STEP][PASSED] - if (testcae_status == "Passed" || testcae_status == "Failed"): null

2023-02-20 09:50:49 - [TEST_STEP][PASSED] - openBrowser(""): Browser is opened with url: ''

2023-02-20 09:50:49 - [MESSAGE][WARNING] - A browser is already opened. Closing browser and opening a new one

2023-02-20 09:50:50 - [MESSAGE][INFO] - Starting 'Chrome' driver

2023-02-20 09:50:50 - [MESSAGE][INFO] - Action delay is set to 0 milliseconds

2023-02-20 09:50:51 - [MESSAGE][PASSED] - Browser is opened with url: ''

2023-02-20 09:50:51 - [TEST_STEP][PASSED] - maximizeWindow(): Current window maximized

2023-02-20 09:50:51 - [MESSAGE][PASSED] - Current window maximized

2023-02-20 09:50:51 - [TEST_STEP][PASSED] - shopify.store.loginToStoreAdmin(partner_email, partner_password, store_name): shopify.store.loginToStoreAdmin is PASSED

2023-02-20 09:50:56 - [MESSAGE][PASSED] - Navigate to 'http://huynh-ar-stag-2338.myshopify.com/admin' successfully

2023-02-20 09:50:57 - [MESSAGE][PASSED] - Text 'huynh@firegroup.io' is set on object 'Object Repository/Shopify/input_email_shopify'

2023-02-20 09:50:58 - [MESSAGE][PASSED] - Object: 'Object Repository/Shopify/btn_continue_with_email' is clicked on

2023-02-20 09:51:00 - [MESSAGE][PASSED] - Text ****** has been set on object 'Object Repository/Shopify/input_password_shopify'

2023-02-20 09:51:20 - [MESSAGE][PASSED] - Object: 'Object Repository/Shopify/btn_login' is clicked on

2023-02-20 09:51:20 - [MESSAGE][PASSED] - shopify.store.loginToStoreAdmin is PASSED

2023-02-20 09:51:20 - [TEST_STEP][PASSED] - alireview.install.inputRawDomain(store_name, host): alireview.install.inputRawDomain is PASSED

2023-02-20 09:51:30 - [MESSAGE][PASSED] - Navigate to 'https://ar-app-staging.fireapps.tech/' successfully

2023-02-20 09:51:31 - [MESSAGE][PASSED] - Text 'huynh-ar-stag-2338' is set on object 'Object Repository/Alireview/input_shop'

2023-02-20 09:51:33 - [MESSAGE][PASSED] - Object: 'Object Repository/Alireview/btn_login' is clicked on

2023-02-20 09:51:33 - [MESSAGE][PASSED] - alireview.install.inputRawDomain is PASSED

2023-02-20 09:51:33 - [TEST_STEP][PASSED] - alireview.install.installStep1(): alireview.install.installStep1 is PASSED

2023-02-20 09:51:38 - [MESSAGE][PASSED] - Object: 'Object Repository/Shopify Install App/btn_install_step1' is clicked on

2023-02-20 09:51:38 - [MESSAGE][PASSED] - alireview.install.installStep1 is PASSED

2023-02-20 09:51:38 - [TEST_STEP][PASSED] - alireview.install.onboardingSelectColor(color): alireview.install.onboardingSelectColor is PASSED

2023-02-20 09:51:49 - [MESSAGE][PASSED] - Text '#C75757' is set on object 'Object Repository/Alireview/input_color'

2023-02-20 09:51:49 - [MESSAGE][PASSED] - alireview.install.onboardingSelectColor is PASSED

2023-02-20 09:51:49 - [TEST_STEP][PASSED] - alireview.install.onboardingSelectStyle(layout_type): alireview.install.onboardingSelectStyle is PASSED

2023-02-20 09:51:49 - [MESSAGE][PASSED] - Object: 'Object Repository/Alireview/label_grid_onboarding' is clicked on

2023-02-20 09:51:49 - [MESSAGE][PASSED] - alireview.install.onboardingSelectStyle is PASSED

2023-02-20 09:51:49 - [TEST_STEP][PASSED] - alireview.install.onboardingNext(): alireview.install.onboardingNext is PASSED

2023-02-20 09:51:49 - [MESSAGE][PASSED] - Object: 'Object Repository/Alireview/btn_next_onboarding' is clicked on

2023-02-20 09:51:49 - [MESSAGE][PASSED] - alireview.install.onboardingNext is PASSED

2023-02-20 09:51:49 - [TEST_STEP][PASSED] - alireview.install.clickGetStartOnboarding(): alireview.install.clickGetStartOnboarding is PASSED

2023-02-20 09:51:49 - [MESSAGE][PASSED] - Object: 'Object Repository/Alireview/btn_get_start_onboarding' is clicked on

2023-02-20 09:51:49 - [MESSAGE][PASSED] - alireview.install.clickGetStartOnboarding is PASSED

2023-02-20 09:51:49 - [TEST_STEP][PASSED] - Start tear down : teardownIfPassed: Error occurred when try to run method 'teardownIfPassed' (Root cause: com.kms.katalon.core.exception.StepErrorException - com.kms.katalon.core.exception.StepErrorException: org.apache.poi.ss.formula.eval.NotImplementedException: Error evaluating cell Sheet2!B1)

2023-02-20 09:51:49 - [TEST_STEP][PASSED] - excelFilePath = "Data Files\store free 2.xlsx": null

2023-02-20 09:51:49 - [TEST_STEP][ERROR] - data.excel.updateValueToSheet(excelFilePath, "store", 4, store_name, 9, "Installed"): Error evaluating cell Sheet2!B1

2023-02-20 09:51:49 - [MESSAGE][ERROR] - Error evaluating cell Sheet2!B1

2023-02-20 09:51:49 - [MESSAGE][WARNING] - Error occurred when try to run method 'teardownIfPassed' (Root cause: com.kms.katalon.core.exception.StepErrorException - com.kms.katalon.core.exception.StepErrorException: org.apache.poi.ss.formula.eval.NotImplementedException: Error evaluating cell Sheet2!B1)]]></system-out>
         <system-err><![CDATA[]]></system-err>
      </testcase>
      <testcase name="Test Cases/Alireview/Install new store free" time="36.112" classname="Test Cases/Alireview/Install new store free" status="FAILED">
         <failure type="FAILED" message="Test Cases/Alireview/Install new store free FAILED.
Reason:
com.kms.katalon.core.exception.StepFailedException: Unable to set text 'huynh@firegroup.io' of object 'Object Repository/Shopify/input_email_shopify'
	at com.kms.katalon.core.webui.keyword.internal.WebUIKeywordMain.stepFailed(WebUIKeywordMain.groovy:64)
	at com.kms.katalon.core.webui.keyword.internal.WebUIKeywordMain.runKeyword(WebUIKeywordMain.groovy:26)
	at com.kms.katalon.core.webui.keyword.builtin.SetTextKeyword.setText(SetTextKeyword.groovy:66)
	at com.kms.katalon.core.webui.keyword.builtin.SetTextKeyword.execute(SetTextKeyword.groovy:37)
	at com.kms.katalon.core.keyword.internal.KeywordExecutor.executeKeywordForPlatform(KeywordExecutor.groovy:74)
	at com.kms.katalon.core.webui.keyword.WebUiBuiltInKeywords.setText(WebUiBuiltInKeywords.groovy:980)
	at com.kms.katalon.core.webui.keyword.WebUiBuiltInKeywords$setText$2.call(Unknown Source)
	at shopify.store.loginToStoreAdmin(store.groovy:133)
	at shopify.store.invokeMethod(store.groovy)
	at com.kms.katalon.core.main.CustomKeywordDelegatingMetaClass.invokeStaticMethod(CustomKeywordDelegatingMetaClass.java:55)
	at Install new store free.run(Install new store free:22)
	at com.kms.katalon.core.main.ScriptEngine.run(ScriptEngine.java:194)
	at com.kms.katalon.core.main.ScriptEngine.runScriptAsRawText(ScriptEngine.java:119)
	at com.kms.katalon.core.main.TestCaseExecutor.runScript(TestCaseExecutor.java:448)
	at com.kms.katalon.core.main.TestCaseExecutor.doExecute(TestCaseExecutor.java:439)
	at com.kms.katalon.core.main.TestCaseExecutor.processExecutionPhase(TestCaseExecutor.java:418)
	at com.kms.katalon.core.main.TestCaseExecutor.accessMainPhase(TestCaseExecutor.java:410)
	at com.kms.katalon.core.main.TestCaseExecutor.execute(TestCaseExecutor.java:285)
	at com.kms.katalon.core.common.CommonExecutor.accessTestCaseMainPhase(CommonExecutor.java:65)
	at com.kms.katalon.core.main.TestSuiteExecutor.accessTestSuiteMainPhase(TestSuiteExecutor.java:151)
	at com.kms.katalon.core.main.TestSuiteExecutor.execute(TestSuiteExecutor.java:106)
	at com.kms.katalon.core.main.TestCaseMain.startTestSuite(TestCaseMain.java:185)
	at com.kms.katalon.core.main.TestCaseMain$startTestSuite$0.call(Unknown Source)
	at TempTestSuite1676860744733.run(TempTestSuite1676860744733.groovy:36)
Caused by: com.kms.katalon.core.webui.exception.WebElementNotFoundException: Web element with id: 'Object Repository/Shopify/input_email_shopify' located by '//input[@id='account_email']' not found
	at com.kms.katalon.core.webui.common.WebUiCommonHelper.findWebElement(WebUiCommonHelper.java:1370)
	at com.kms.katalon.core.webui.keyword.internal.WebUIAbstractKeyword.findWebElement(WebUIAbstractKeyword.groovy:27)
	at com.kms.katalon.core.webui.keyword.internal.WebUIAbstractKeyword.findWebElement(WebUIAbstractKeyword.groovy:26)
	at com.kms.katalon.core.webui.keyword.builtin.SetTextKeyword$_setText_closure1.doCall(SetTextKeyword.groovy:51)
	at com.kms.katalon.core.webui.keyword.builtin.SetTextKeyword$_setText_closure1.call(SetTextKeyword.groovy)
	at com.kms.katalon.core.webui.keyword.internal.WebUIKeywordMain.runKeyword(WebUIKeywordMain.groovy:20)
	... 22 more
"/>
         <system-out><![CDATA[2023-02-20 09:51:49 - [TEST_CASE][FAILED] - Test Cases/Alireview/Install new store free: Test Cases/Alireview/Install new store free FAILED.
Reason:
com.kms.katalon.core.exception.StepFailedException: Unable to set text 'huynh@firegroup.io' of object 'Object Repository/Shopify/input_email_shopify'
	at com.kms.katalon.core.webui.keyword.internal.WebUIKeywordMain.stepFailed(WebUIKeywordMain.groovy:64)
	at com.kms.katalon.core.webui.keyword.internal.WebUIKeywordMain.runKeyword(WebUIKeywordMain.groovy:26)
	at com.kms.katalon.core.webui.keyword.builtin.SetTextKeyword.setText(SetTextKeyword.groovy:66)
	at com.kms.katalon.core.webui.keyword.builtin.SetTextKeyword.execute(SetTextKeyword.groovy:37)
	at com.kms.katalon.core.keyword.internal.KeywordExecutor.executeKeywordForPlatform(KeywordExecutor.groovy:74)
	at com.kms.katalon.core.webui.keyword.WebUiBuiltInKeywords.setText(WebUiBuiltInKeywords.groovy:980)
	at com.kms.katalon.core.webui.keyword.WebUiBuiltInKeywords$setText$2.call(Unknown Source)
	at shopify.store.loginToStoreAdmin(store.groovy:133)
	at shopify.store.invokeMethod(store.groovy)
	at com.kms.katalon.core.main.CustomKeywordDelegatingMetaClass.invokeStaticMethod(CustomKeywordDelegatingMetaClass.java:55)
	at Install new store free.run(Install new store free:22)
	at com.kms.katalon.core.main.ScriptEngine.run(ScriptEngine.java:194)
	at com.kms.katalon.core.main.ScriptEngine.runScriptAsRawText(ScriptEngine.java:119)
	at com.kms.katalon.core.main.TestCaseExecutor.runScript(TestCaseExecutor.java:448)
	at com.kms.katalon.core.main.TestCaseExecutor.doExecute(TestCaseExecutor.java:439)
	at com.kms.katalon.core.main.TestCaseExecutor.processExecutionPhase(TestCaseExecutor.java:418)
	at com.kms.katalon.core.main.TestCaseExecutor.accessMainPhase(TestCaseExecutor.java:410)
	at com.kms.katalon.core.main.TestCaseExecutor.execute(TestCaseExecutor.java:285)
	at com.kms.katalon.core.common.CommonExecutor.accessTestCaseMainPhase(CommonExecutor.java:65)
	at com.kms.katalon.core.main.TestSuiteExecutor.accessTestSuiteMainPhase(TestSuiteExecutor.java:151)
	at com.kms.katalon.core.main.TestSuiteExecutor.execute(TestSuiteExecutor.java:106)
	at com.kms.katalon.core.main.TestCaseMain.startTestSuite(TestCaseMain.java:185)
	at com.kms.katalon.core.main.TestCaseMain$startTestSuite$0.call(Unknown Source)
	at TempTestSuite1676860744733.run(TempTestSuite1676860744733.groovy:36)
Caused by: com.kms.katalon.core.webui.exception.WebElementNotFoundException: Web element with id: 'Object Repository/Shopify/input_email_shopify' located by '//input[@id='account_email']' not found
	at com.kms.katalon.core.webui.common.WebUiCommonHelper.findWebElement(WebUiCommonHelper.java:1370)
	at com.kms.katalon.core.webui.keyword.internal.WebUIAbstractKeyword.findWebElement(WebUIAbstractKeyword.groovy:27)
	at com.kms.katalon.core.webui.keyword.internal.WebUIAbstractKeyword.findWebElement(WebUIAbstractKeyword.groovy:26)
	at com.kms.katalon.core.webui.keyword.builtin.SetTextKeyword$_setText_closure1.doCall(SetTextKeyword.groovy:51)
	at com.kms.katalon.core.webui.keyword.builtin.SetTextKeyword$_setText_closure1.call(SetTextKeyword.groovy)
	at com.kms.katalon.core.webui.keyword.internal.WebUIKeywordMain.runKeyword(WebUIKeywordMain.groovy:20)
	... 22 more


2023-02-20 09:51:49 - [TEST_STEP][PASSED] - Start listener action : skipStatus: null

2023-02-20 09:51:49 - [TEST_STEP][PASSED] - map = testCaseContext.getTestCaseVariables(): null

2023-02-20 09:51:49 - [TEST_STEP][PASSED] - testcae_status = map.get("testcase_status"): null

2023-02-20 09:51:49 - [TEST_STEP][PASSED] - println(testcae_status): null

2023-02-20 09:51:49 - [TEST_STEP][PASSED] - if (testcae_status == "Passed" || testcae_status == "Failed"): null

2023-02-20 09:51:49 - [TEST_STEP][PASSED] - openBrowser(""): Browser is opened with url: ''

2023-02-20 09:51:49 - [MESSAGE][WARNING] - A browser is already opened. Closing browser and opening a new one

2023-02-20 09:51:50 - [MESSAGE][INFO] - Starting 'Chrome' driver

2023-02-20 09:51:50 - [MESSAGE][INFO] - Action delay is set to 0 milliseconds

2023-02-20 09:51:51 - [MESSAGE][PASSED] - Browser is opened with url: ''

2023-02-20 09:51:51 - [TEST_STEP][PASSED] - maximizeWindow(): Current window maximized

2023-02-20 09:51:51 - [MESSAGE][PASSED] - Current window maximized

2023-02-20 09:51:51 - [TEST_STEP][FAILED] - shopify.store.loginToStoreAdmin(partner_email, partner_password, store_name): Unable to set text 'huynh@firegroup.io' of object 'Object Repository/Shopify/input_email_shopify'

2023-02-20 09:51:52 - [MESSAGE][PASSED] - Navigate to 'http://huynh-ar-stag-2339.myshopify.com/admin' successfully

2023-02-20 09:52:23 - [MESSAGE][INFO] - Unable to find the element located by 'By.xpath: //input[@id='account_email']'. Please recheck the objects properties to make sure the desired element is located. 

2023-02-20 09:52:23 - [MESSAGE][WARNING] - [SELF-HEALING] Failed to find element with id 'Object Repository/Shopify/input_email_shopify'. Try using Self-healing.

2023-02-20 09:52:24 - [MESSAGE][INFO] - [SELF-HEALING] No working XPath is found.

2023-02-20 09:52:25 - [MESSAGE][INFO] - Unable to find the element located by 'By.xpath: '. Please recheck the objects properties to make sure the desired element is located. 

2023-02-20 09:52:25 - [MESSAGE][WARNING] - [SELF-HEALING] Cannot find elements when the selector is null

2023-02-20 09:52:26 - [MESSAGE][FAILED] - Unable to set text 'huynh@firegroup.io' of object 'Object Repository/Shopify/input_email_shopify' (Root cause: com.kms.katalon.core.exception.StepFailedException: Unable to set text 'huynh@firegroup.io' of object 'Object Repository/Shopify/input_email_shopify'
	at com.kms.katalon.core.webui.keyword.internal.WebUIKeywordMain.stepFailed(WebUIKeywordMain.groovy:64)
	at com.kms.katalon.core.webui.keyword.internal.WebUIKeywordMain.runKeyword(WebUIKeywordMain.groovy:26)
	at com.kms.katalon.core.webui.keyword.builtin.SetTextKeyword.setText(SetTextKeyword.groovy:66)
	at com.kms.katalon.core.webui.keyword.builtin.SetTextKeyword.execute(SetTextKeyword.groovy:37)
	at com.kms.katalon.core.keyword.internal.KeywordExecutor.executeKeywordForPlatform(KeywordExecutor.groovy:74)
	at com.kms.katalon.core.webui.keyword.WebUiBuiltInKeywords.setText(WebUiBuiltInKeywords.groovy:980)
	at com.kms.katalon.core.webui.keyword.WebUiBuiltInKeywords$setText$2.call(Unknown Source)
	at shopify.store.loginToStoreAdmin(store.groovy:133)
	at shopify.store.invokeMethod(store.groovy)
	at com.kms.katalon.core.main.CustomKeywordDelegatingMetaClass.invokeStaticMethod(CustomKeywordDelegatingMetaClass.java:55)
	at Install new store free.run(Install new store free:22)
	at com.kms.katalon.core.main.ScriptEngine.run(ScriptEngine.java:194)
	at com.kms.katalon.core.main.ScriptEngine.runScriptAsRawText(ScriptEngine.java:119)
	at com.kms.katalon.core.main.TestCaseExecutor.runScript(TestCaseExecutor.java:448)
	at com.kms.katalon.core.main.TestCaseExecutor.doExecute(TestCaseExecutor.java:439)
	at com.kms.katalon.core.main.TestCaseExecutor.processExecutionPhase(TestCaseExecutor.java:418)
	at com.kms.katalon.core.main.TestCaseExecutor.accessMainPhase(TestCaseExecutor.java:410)
	at com.kms.katalon.core.main.TestCaseExecutor.execute(TestCaseExecutor.java:285)
	at com.kms.katalon.core.common.CommonExecutor.accessTestCaseMainPhase(CommonExecutor.java:65)
	at com.kms.katalon.core.main.TestSuiteExecutor.accessTestSuiteMainPhase(TestSuiteExecutor.java:151)
	at com.kms.katalon.core.main.TestSuiteExecutor.execute(TestSuiteExecutor.java:106)
	at com.kms.katalon.core.main.TestCaseMain.startTestSuite(TestCaseMain.java:185)
	at com.kms.katalon.core.main.TestCaseMain$startTestSuite$0.call(Unknown Source)
	at TempTestSuite1676860744733.run(TempTestSuite1676860744733.groovy:36)
Caused by: com.kms.katalon.core.webui.exception.WebElementNotFoundException: Web element with id: 'Object Repository/Shopify/input_email_shopify' located by '//input[@id='account_email']' not found
	at com.kms.katalon.core.webui.common.WebUiCommonHelper.findWebElement(WebUiCommonHelper.java:1370)
	at com.kms.katalon.core.webui.keyword.internal.WebUIAbstractKeyword.findWebElement(WebUIAbstractKeyword.groovy:27)
	at com.kms.katalon.core.webui.keyword.internal.WebUIAbstractKeyword.findWebElement(WebUIAbstractKeyword.groovy:26)
	at com.kms.katalon.core.webui.keyword.builtin.SetTextKeyword$_setText_closure1.doCall(SetTextKeyword.groovy:51)
	at com.kms.katalon.core.webui.keyword.builtin.SetTextKeyword$_setText_closure1.call(SetTextKeyword.groovy)
	at com.kms.katalon.core.webui.keyword.internal.WebUIKeywordMain.runKeyword(WebUIKeywordMain.groovy:20)
	at com.kms.katalon.core.webui.keyword.builtin.SetTextKeyword.setText(SetTextKeyword.groovy:66)
	at com.kms.katalon.core.webui.keyword.builtin.SetTextKeyword.execute(SetTextKeyword.groovy:37)
	at com.kms.katalon.core.keyword.internal.KeywordExecutor.executeKeywordForPlatform(KeywordExecutor.groovy:74)
	at com.kms.katalon.core.webui.keyword.WebUiBuiltInKeywords.setText(WebUiBuiltInKeywords.groovy:980)
	at com.kms.katalon.core.webui.keyword.WebUiBuiltInKeywords$setText$2.call(Unknown Source)
	at shopify.store.loginToStoreAdmin(store.groovy:133)
	at shopify.store.invokeMethod(store.groovy)
	at com.kms.katalon.core.main.CustomKeywordDelegatingMetaClass.invokeStaticMethod(CustomKeywordDelegatingMetaClass.java:55)
	at Script1673948457755.run(Script1673948457755.groovy:22)
	... 13 more
)
[[ATTACHMENT|C:\\Users\\huynh\\Documents\\Socialhead\\Automation\\Katalon project\\CreateStore\\CreateStore\\Reports\\20230220_093904\\Alireview\\Install Store Free\\20230220_093904\\1676861545867.png]]

2023-02-20 09:52:26 - [MESSAGE][FAILED] - Unable to set text 'huynh@firegroup.io' of object 'Object Repository/Shopify/input_email_shopify'

2023-02-20 09:52:26 - [TEST_STEP][PASSED] - Start tear down : teardownIfFailed: Error occurred when try to run method 'teardownIfFailed' (Root cause: com.kms.katalon.core.exception.StepErrorException - com.kms.katalon.core.exception.StepErrorException: org.apache.poi.ss.formula.eval.NotImplementedException: Error evaluating cell Sheet2!B1)

2023-02-20 09:52:26 - [TEST_STEP][PASSED] - excelFilePath = "Data Files\store free 2.xlsx": null

2023-02-20 09:52:26 - [TEST_STEP][ERROR] - data.excel.updateValueToSheet(excelFilePath, "store", 4, store_name, 9, "Not install"): Error evaluating cell Sheet2!B1

2023-02-20 09:52:26 - [MESSAGE][ERROR] - Error evaluating cell Sheet2!B1

2023-02-20 09:52:26 - [MESSAGE][WARNING] - Error occurred when try to run method 'teardownIfFailed' (Root cause: com.kms.katalon.core.exception.StepErrorException - com.kms.katalon.core.exception.StepErrorException: org.apache.poi.ss.formula.eval.NotImplementedException: Error evaluating cell Sheet2!B1)]]></system-out>
         <system-err><![CDATA[2023-02-20 09:51:49 - [TEST_CASE][FAILED] - Test Cases/Alireview/Install new store free: Test Cases/Alireview/Install new store free FAILED.
Reason:
com.kms.katalon.core.exception.StepFailedException: Unable to set text 'huynh@firegroup.io' of object 'Object Repository/Shopify/input_email_shopify'
	at com.kms.katalon.core.webui.keyword.internal.WebUIKeywordMain.stepFailed(WebUIKeywordMain.groovy:64)
	at com.kms.katalon.core.webui.keyword.internal.WebUIKeywordMain.runKeyword(WebUIKeywordMain.groovy:26)
	at com.kms.katalon.core.webui.keyword.builtin.SetTextKeyword.setText(SetTextKeyword.groovy:66)
	at com.kms.katalon.core.webui.keyword.builtin.SetTextKeyword.execute(SetTextKeyword.groovy:37)
	at com.kms.katalon.core.keyword.internal.KeywordExecutor.executeKeywordForPlatform(KeywordExecutor.groovy:74)
	at com.kms.katalon.core.webui.keyword.WebUiBuiltInKeywords.setText(WebUiBuiltInKeywords.groovy:980)
	at com.kms.katalon.core.webui.keyword.WebUiBuiltInKeywords$setText$2.call(Unknown Source)
	at shopify.store.loginToStoreAdmin(store.groovy:133)
	at shopify.store.invokeMethod(store.groovy)
	at com.kms.katalon.core.main.CustomKeywordDelegatingMetaClass.invokeStaticMethod(CustomKeywordDelegatingMetaClass.java:55)
	at Install new store free.run(Install new store free:22)
	at com.kms.katalon.core.main.ScriptEngine.run(ScriptEngine.java:194)
	at com.kms.katalon.core.main.ScriptEngine.runScriptAsRawText(ScriptEngine.java:119)
	at com.kms.katalon.core.main.TestCaseExecutor.runScript(TestCaseExecutor.java:448)
	at com.kms.katalon.core.main.TestCaseExecutor.doExecute(TestCaseExecutor.java:439)
	at com.kms.katalon.core.main.TestCaseExecutor.processExecutionPhase(TestCaseExecutor.java:418)
	at com.kms.katalon.core.main.TestCaseExecutor.accessMainPhase(TestCaseExecutor.java:410)
	at com.kms.katalon.core.main.TestCaseExecutor.execute(TestCaseExecutor.java:285)
	at com.kms.katalon.core.common.CommonExecutor.accessTestCaseMainPhase(CommonExecutor.java:65)
	at com.kms.katalon.core.main.TestSuiteExecutor.accessTestSuiteMainPhase(TestSuiteExecutor.java:151)
	at com.kms.katalon.core.main.TestSuiteExecutor.execute(TestSuiteExecutor.java:106)
	at com.kms.katalon.core.main.TestCaseMain.startTestSuite(TestCaseMain.java:185)
	at com.kms.katalon.core.main.TestCaseMain$startTestSuite$0.call(Unknown Source)
	at TempTestSuite1676860744733.run(TempTestSuite1676860744733.groovy:36)
Caused by: com.kms.katalon.core.webui.exception.WebElementNotFoundException: Web element with id: 'Object Repository/Shopify/input_email_shopify' located by '//input[@id='account_email']' not found
	at com.kms.katalon.core.webui.common.WebUiCommonHelper.findWebElement(WebUiCommonHelper.java:1370)
	at com.kms.katalon.core.webui.keyword.internal.WebUIAbstractKeyword.findWebElement(WebUIAbstractKeyword.groovy:27)
	at com.kms.katalon.core.webui.keyword.internal.WebUIAbstractKeyword.findWebElement(WebUIAbstractKeyword.groovy:26)
	at com.kms.katalon.core.webui.keyword.builtin.SetTextKeyword$_setText_closure1.doCall(SetTextKeyword.groovy:51)
	at com.kms.katalon.core.webui.keyword.builtin.SetTextKeyword$_setText_closure1.call(SetTextKeyword.groovy)
	at com.kms.katalon.core.webui.keyword.internal.WebUIKeywordMain.runKeyword(WebUIKeywordMain.groovy:20)
	... 22 more]]></system-err>
      </testcase>
      <testcase name="Test Cases/Alireview/Install new store free" time="52.908" classname="Test Cases/Alireview/Install new store free" status="FAILED">
         <failure type="FAILED" message="Test Cases/Alireview/Install new store free FAILED.
Reason:
com.kms.katalon.core.exception.StepFailedException: Unable to verify image 'Object Repository/Alireview/iframe_app' present
	at com.kms.katalon.core.webui.keyword.internal.WebUIKeywordMain.stepFailed(WebUIKeywordMain.groovy:64)
	at com.kms.katalon.core.webui.keyword.internal.WebUIKeywordMain.runKeyword(WebUIKeywordMain.groovy:26)
	at com.kms.katalon.core.webui.keyword.builtin.SwitchToFrameKeyword.switchToFrame(SwitchToFrameKeyword.groovy:84)
	at com.kms.katalon.core.webui.keyword.builtin.SwitchToFrameKeyword.execute(SwitchToFrameKeyword.groovy:68)
	at com.kms.katalon.core.keyword.internal.KeywordExecutor.executeKeywordForPlatform(KeywordExecutor.groovy:74)
	at com.kms.katalon.core.webui.keyword.WebUiBuiltInKeywords.switchToFrame(WebUiBuiltInKeywords.groovy:2899)
	at com.kms.katalon.core.webui.keyword.WebUiBuiltInKeywords$switchToFrame$6.call(Unknown Source)
	at alireview.install.onboardingSelectColor(install.groovy:38)
	at alireview.install.invokeMethod(install.groovy)
	at com.kms.katalon.core.main.CustomKeywordDelegatingMetaClass.invokeStaticMethod(CustomKeywordDelegatingMetaClass.java:55)
	at Install new store free.run(Install new store free:28)
	at com.kms.katalon.core.main.ScriptEngine.run(ScriptEngine.java:194)
	at com.kms.katalon.core.main.ScriptEngine.runScriptAsRawText(ScriptEngine.java:119)
	at com.kms.katalon.core.main.TestCaseExecutor.runScript(TestCaseExecutor.java:448)
	at com.kms.katalon.core.main.TestCaseExecutor.doExecute(TestCaseExecutor.java:439)
	at com.kms.katalon.core.main.TestCaseExecutor.processExecutionPhase(TestCaseExecutor.java:418)
	at com.kms.katalon.core.main.TestCaseExecutor.accessMainPhase(TestCaseExecutor.java:410)
	at com.kms.katalon.core.main.TestCaseExecutor.execute(TestCaseExecutor.java:285)
	at com.kms.katalon.core.common.CommonExecutor.accessTestCaseMainPhase(CommonExecutor.java:65)
	at com.kms.katalon.core.main.TestSuiteExecutor.accessTestSuiteMainPhase(TestSuiteExecutor.java:151)
	at com.kms.katalon.core.main.TestSuiteExecutor.execute(TestSuiteExecutor.java:106)
	at com.kms.katalon.core.main.TestCaseMain.startTestSuite(TestCaseMain.java:185)
	at com.kms.katalon.core.main.TestCaseMain$startTestSuite$0.call(Unknown Source)
	at TempTestSuite1676860744733.run(TempTestSuite1676860744733.groovy:36)
Caused by: com.kms.katalon.core.webui.exception.WebElementNotFoundException: Web element with id: 'Object Repository/Alireview/iframe_app' located by '//*[@name = 'app-iframe']' not found
	at com.kms.katalon.core.webui.common.WebUiCommonHelper.findWebElement(WebUiCommonHelper.java:1370)
	at com.kms.katalon.core.webui.keyword.builtin.SwitchToFrameKeyword$_switchToFrame_closure1.doCall(SwitchToFrameKeyword.groovy:77)
	at com.kms.katalon.core.webui.keyword.builtin.SwitchToFrameKeyword$_switchToFrame_closure1.call(SwitchToFrameKeyword.groovy)
	at com.kms.katalon.core.webui.keyword.internal.WebUIKeywordMain.runKeyword(WebUIKeywordMain.groovy:20)
	... 22 more
"/>
         <system-out><![CDATA[2023-02-20 09:52:26 - [TEST_CASE][FAILED] - Test Cases/Alireview/Install new store free: Test Cases/Alireview/Install new store free FAILED.
Reason:
com.kms.katalon.core.exception.StepFailedException: Unable to verify image 'Object Repository/Alireview/iframe_app' present
	at com.kms.katalon.core.webui.keyword.internal.WebUIKeywordMain.stepFailed(WebUIKeywordMain.groovy:64)
	at com.kms.katalon.core.webui.keyword.internal.WebUIKeywordMain.runKeyword(WebUIKeywordMain.groovy:26)
	at com.kms.katalon.core.webui.keyword.builtin.SwitchToFrameKeyword.switchToFrame(SwitchToFrameKeyword.groovy:84)
	at com.kms.katalon.core.webui.keyword.builtin.SwitchToFrameKeyword.execute(SwitchToFrameKeyword.groovy:68)
	at com.kms.katalon.core.keyword.internal.KeywordExecutor.executeKeywordForPlatform(KeywordExecutor.groovy:74)
	at com.kms.katalon.core.webui.keyword.WebUiBuiltInKeywords.switchToFrame(WebUiBuiltInKeywords.groovy:2899)
	at com.kms.katalon.core.webui.keyword.WebUiBuiltInKeywords$switchToFrame$6.call(Unknown Source)
	at alireview.install.onboardingSelectColor(install.groovy:38)
	at alireview.install.invokeMethod(install.groovy)
	at com.kms.katalon.core.main.CustomKeywordDelegatingMetaClass.invokeStaticMethod(CustomKeywordDelegatingMetaClass.java:55)
	at Install new store free.run(Install new store free:28)
	at com.kms.katalon.core.main.ScriptEngine.run(ScriptEngine.java:194)
	at com.kms.katalon.core.main.ScriptEngine.runScriptAsRawText(ScriptEngine.java:119)
	at com.kms.katalon.core.main.TestCaseExecutor.runScript(TestCaseExecutor.java:448)
	at com.kms.katalon.core.main.TestCaseExecutor.doExecute(TestCaseExecutor.java:439)
	at com.kms.katalon.core.main.TestCaseExecutor.processExecutionPhase(TestCaseExecutor.java:418)
	at com.kms.katalon.core.main.TestCaseExecutor.accessMainPhase(TestCaseExecutor.java:410)
	at com.kms.katalon.core.main.TestCaseExecutor.execute(TestCaseExecutor.java:285)
	at com.kms.katalon.core.common.CommonExecutor.accessTestCaseMainPhase(CommonExecutor.java:65)
	at com.kms.katalon.core.main.TestSuiteExecutor.accessTestSuiteMainPhase(TestSuiteExecutor.java:151)
	at com.kms.katalon.core.main.TestSuiteExecutor.execute(TestSuiteExecutor.java:106)
	at com.kms.katalon.core.main.TestCaseMain.startTestSuite(TestCaseMain.java:185)
	at com.kms.katalon.core.main.TestCaseMain$startTestSuite$0.call(Unknown Source)
	at TempTestSuite1676860744733.run(TempTestSuite1676860744733.groovy:36)
Caused by: com.kms.katalon.core.webui.exception.WebElementNotFoundException: Web element with id: 'Object Repository/Alireview/iframe_app' located by '//*[@name = 'app-iframe']' not found
	at com.kms.katalon.core.webui.common.WebUiCommonHelper.findWebElement(WebUiCommonHelper.java:1370)
	at com.kms.katalon.core.webui.keyword.builtin.SwitchToFrameKeyword$_switchToFrame_closure1.doCall(SwitchToFrameKeyword.groovy:77)
	at com.kms.katalon.core.webui.keyword.builtin.SwitchToFrameKeyword$_switchToFrame_closure1.call(SwitchToFrameKeyword.groovy)
	at com.kms.katalon.core.webui.keyword.internal.WebUIKeywordMain.runKeyword(WebUIKeywordMain.groovy:20)
	... 22 more


2023-02-20 09:52:26 - [TEST_STEP][PASSED] - Start listener action : skipStatus: null

2023-02-20 09:52:26 - [TEST_STEP][PASSED] - map = testCaseContext.getTestCaseVariables(): null

2023-02-20 09:52:26 - [TEST_STEP][PASSED] - testcae_status = map.get("testcase_status"): null

2023-02-20 09:52:26 - [TEST_STEP][PASSED] - println(testcae_status): null

2023-02-20 09:52:26 - [TEST_STEP][PASSED] - if (testcae_status == "Passed" || testcae_status == "Failed"): null

2023-02-20 09:52:26 - [TEST_STEP][PASSED] - openBrowser(""): Browser is opened with url: ''

2023-02-20 09:52:26 - [MESSAGE][WARNING] - A browser is already opened. Closing browser and opening a new one

2023-02-20 09:52:26 - [MESSAGE][INFO] - Starting 'Chrome' driver

2023-02-20 09:52:26 - [MESSAGE][INFO] - Action delay is set to 0 milliseconds

2023-02-20 09:52:27 - [MESSAGE][PASSED] - Browser is opened with url: ''

2023-02-20 09:52:27 - [TEST_STEP][PASSED] - maximizeWindow(): Current window maximized

2023-02-20 09:52:27 - [MESSAGE][PASSED] - Current window maximized

2023-02-20 09:52:27 - [TEST_STEP][PASSED] - shopify.store.loginToStoreAdmin(partner_email, partner_password, store_name): shopify.store.loginToStoreAdmin is PASSED

2023-02-20 09:52:32 - [MESSAGE][PASSED] - Navigate to 'http://huynh-ar-stag-2340.myshopify.com/admin' successfully

2023-02-20 09:52:33 - [MESSAGE][PASSED] - Text 'huynh@firegroup.io' is set on object 'Object Repository/Shopify/input_email_shopify'

2023-02-20 09:52:34 - [MESSAGE][PASSED] - Object: 'Object Repository/Shopify/btn_continue_with_email' is clicked on

2023-02-20 09:52:36 - [MESSAGE][PASSED] - Text ****** has been set on object 'Object Repository/Shopify/input_password_shopify'

2023-02-20 09:52:45 - [MESSAGE][PASSED] - Object: 'Object Repository/Shopify/btn_login' is clicked on

2023-02-20 09:52:45 - [MESSAGE][PASSED] - shopify.store.loginToStoreAdmin is PASSED

2023-02-20 09:52:45 - [TEST_STEP][PASSED] - alireview.install.inputRawDomain(store_name, host): alireview.install.inputRawDomain is PASSED

2023-02-20 09:53:03 - [MESSAGE][PASSED] - Navigate to 'https://ar-app-staging.fireapps.tech/' successfully

2023-02-20 09:53:03 - [MESSAGE][PASSED] - Text 'huynh-ar-stag-2340' is set on object 'Object Repository/Alireview/input_shop'

2023-02-20 09:53:05 - [MESSAGE][PASSED] - Object: 'Object Repository/Alireview/btn_login' is clicked on

2023-02-20 09:53:05 - [MESSAGE][PASSED] - alireview.install.inputRawDomain is PASSED

2023-02-20 09:53:05 - [TEST_STEP][PASSED] - alireview.install.installStep1(): alireview.install.installStep1 is PASSED

2023-02-20 09:53:09 - [MESSAGE][PASSED] - Object: 'Object Repository/Shopify Install App/btn_install_step1' is clicked on

2023-02-20 09:53:09 - [MESSAGE][PASSED] - alireview.install.installStep1 is PASSED

2023-02-20 09:53:09 - [TEST_STEP][FAILED] - alireview.install.onboardingSelectColor(color): Unable to verify image 'Object Repository/Alireview/iframe_app' present

2023-02-20 09:53:16 - [MESSAGE][INFO] - Unable to find the element located by 'By.xpath: //*[@name = 'app-iframe']'. Please recheck the objects properties to make sure the desired element is located. 

2023-02-20 09:53:16 - [MESSAGE][WARNING] - [SELF-HEALING] Failed to find element with id 'Object Repository/Alireview/iframe_app'. Try using Self-healing.

2023-02-20 09:53:17 - [MESSAGE][INFO] - [SELF-HEALING] No working XPath is found.

2023-02-20 09:53:18 - [MESSAGE][INFO] - Unable to find the element located by 'By.xpath: '. Please recheck the objects properties to make sure the desired element is located. 

2023-02-20 09:53:18 - [MESSAGE][WARNING] - [SELF-HEALING] Cannot find elements when the selector is null

2023-02-20 09:53:18 - [MESSAGE][FAILED] - Unable to verify image 'Object Repository/Alireview/iframe_app' present (Root cause: com.kms.katalon.core.exception.StepFailedException: Unable to verify image 'Object Repository/Alireview/iframe_app' present
	at com.kms.katalon.core.webui.keyword.internal.WebUIKeywordMain.stepFailed(WebUIKeywordMain.groovy:64)
	at com.kms.katalon.core.webui.keyword.internal.WebUIKeywordMain.runKeyword(WebUIKeywordMain.groovy:26)
	at com.kms.katalon.core.webui.keyword.builtin.SwitchToFrameKeyword.switchToFrame(SwitchToFrameKeyword.groovy:84)
	at com.kms.katalon.core.webui.keyword.builtin.SwitchToFrameKeyword.execute(SwitchToFrameKeyword.groovy:68)
	at com.kms.katalon.core.keyword.internal.KeywordExecutor.executeKeywordForPlatform(KeywordExecutor.groovy:74)
	at com.kms.katalon.core.webui.keyword.WebUiBuiltInKeywords.switchToFrame(WebUiBuiltInKeywords.groovy:2899)
	at com.kms.katalon.core.webui.keyword.WebUiBuiltInKeywords$switchToFrame$6.call(Unknown Source)
	at alireview.install.onboardingSelectColor(install.groovy:38)
	at alireview.install.invokeMethod(install.groovy)
	at com.kms.katalon.core.main.CustomKeywordDelegatingMetaClass.invokeStaticMethod(CustomKeywordDelegatingMetaClass.java:55)
	at Install new store free.run(Install new store free:28)
	at com.kms.katalon.core.main.ScriptEngine.run(ScriptEngine.java:194)
	at com.kms.katalon.core.main.ScriptEngine.runScriptAsRawText(ScriptEngine.java:119)
	at com.kms.katalon.core.main.TestCaseExecutor.runScript(TestCaseExecutor.java:448)
	at com.kms.katalon.core.main.TestCaseExecutor.doExecute(TestCaseExecutor.java:439)
	at com.kms.katalon.core.main.TestCaseExecutor.processExecutionPhase(TestCaseExecutor.java:418)
	at com.kms.katalon.core.main.TestCaseExecutor.accessMainPhase(TestCaseExecutor.java:410)
	at com.kms.katalon.core.main.TestCaseExecutor.execute(TestCaseExecutor.java:285)
	at com.kms.katalon.core.common.CommonExecutor.accessTestCaseMainPhase(CommonExecutor.java:65)
	at com.kms.katalon.core.main.TestSuiteExecutor.accessTestSuiteMainPhase(TestSuiteExecutor.java:151)
	at com.kms.katalon.core.main.TestSuiteExecutor.execute(TestSuiteExecutor.java:106)
	at com.kms.katalon.core.main.TestCaseMain.startTestSuite(TestCaseMain.java:185)
	at com.kms.katalon.core.main.TestCaseMain$startTestSuite$0.call(Unknown Source)
	at TempTestSuite1676860744733.run(TempTestSuite1676860744733.groovy:36)
Caused by: com.kms.katalon.core.webui.exception.WebElementNotFoundException: Web element with id: 'Object Repository/Alireview/iframe_app' located by '//*[@name = 'app-iframe']' not found
	at com.kms.katalon.core.webui.common.WebUiCommonHelper.findWebElement(WebUiCommonHelper.java:1370)
	at com.kms.katalon.core.webui.keyword.builtin.SwitchToFrameKeyword$_switchToFrame_closure1.doCall(SwitchToFrameKeyword.groovy:77)
	at com.kms.katalon.core.webui.keyword.builtin.SwitchToFrameKeyword$_switchToFrame_closure1.call(SwitchToFrameKeyword.groovy)
	at com.kms.katalon.core.webui.keyword.internal.WebUIKeywordMain.runKeyword(WebUIKeywordMain.groovy:20)
	at com.kms.katalon.core.webui.keyword.builtin.SwitchToFrameKeyword.switchToFrame(SwitchToFrameKeyword.groovy:84)
	at com.kms.katalon.core.webui.keyword.builtin.SwitchToFrameKeyword.execute(SwitchToFrameKeyword.groovy:68)
	at com.kms.katalon.core.keyword.internal.KeywordExecutor.executeKeywordForPlatform(KeywordExecutor.groovy:74)
	at com.kms.katalon.core.webui.keyword.WebUiBuiltInKeywords.switchToFrame(WebUiBuiltInKeywords.groovy:2899)
	at com.kms.katalon.core.webui.keyword.WebUiBuiltInKeywords$switchToFrame$6.call(Unknown Source)
	at alireview.install.onboardingSelectColor(install.groovy:38)
	at alireview.install.invokeMethod(install.groovy)
	at com.kms.katalon.core.main.CustomKeywordDelegatingMetaClass.invokeStaticMethod(CustomKeywordDelegatingMetaClass.java:55)
	at Script1673948457755.run(Script1673948457755.groovy:28)
	... 13 more
)
[[ATTACHMENT|C:\\Users\\huynh\\Documents\\Socialhead\\Automation\\Katalon project\\CreateStore\\CreateStore\\Reports\\20230220_093904\\Alireview\\Install Store Free\\20230220_093904\\1676861598773.png]]

2023-02-20 09:53:18 - [MESSAGE][FAILED] - Unable to verify image 'Object Repository/Alireview/iframe_app' present

2023-02-20 09:53:18 - [TEST_STEP][PASSED] - Start tear down : teardownIfFailed: Error occurred when try to run method 'teardownIfFailed' (Root cause: com.kms.katalon.core.exception.StepErrorException - com.kms.katalon.core.exception.StepErrorException: org.apache.poi.ss.formula.eval.NotImplementedException: Error evaluating cell Sheet2!B1)

2023-02-20 09:53:18 - [TEST_STEP][PASSED] - excelFilePath = "Data Files\store free 2.xlsx": null

2023-02-20 09:53:18 - [TEST_STEP][ERROR] - data.excel.updateValueToSheet(excelFilePath, "store", 4, store_name, 9, "Not install"): Error evaluating cell Sheet2!B1

2023-02-20 09:53:18 - [MESSAGE][ERROR] - Error evaluating cell Sheet2!B1

2023-02-20 09:53:18 - [MESSAGE][WARNING] - Error occurred when try to run method 'teardownIfFailed' (Root cause: com.kms.katalon.core.exception.StepErrorException - com.kms.katalon.core.exception.StepErrorException: org.apache.poi.ss.formula.eval.NotImplementedException: Error evaluating cell Sheet2!B1)]]></system-out>
         <system-err><![CDATA[2023-02-20 09:52:26 - [TEST_CASE][FAILED] - Test Cases/Alireview/Install new store free: Test Cases/Alireview/Install new store free FAILED.
Reason:
com.kms.katalon.core.exception.StepFailedException: Unable to verify image 'Object Repository/Alireview/iframe_app' present
	at com.kms.katalon.core.webui.keyword.internal.WebUIKeywordMain.stepFailed(WebUIKeywordMain.groovy:64)
	at com.kms.katalon.core.webui.keyword.internal.WebUIKeywordMain.runKeyword(WebUIKeywordMain.groovy:26)
	at com.kms.katalon.core.webui.keyword.builtin.SwitchToFrameKeyword.switchToFrame(SwitchToFrameKeyword.groovy:84)
	at com.kms.katalon.core.webui.keyword.builtin.SwitchToFrameKeyword.execute(SwitchToFrameKeyword.groovy:68)
	at com.kms.katalon.core.keyword.internal.KeywordExecutor.executeKeywordForPlatform(KeywordExecutor.groovy:74)
	at com.kms.katalon.core.webui.keyword.WebUiBuiltInKeywords.switchToFrame(WebUiBuiltInKeywords.groovy:2899)
	at com.kms.katalon.core.webui.keyword.WebUiBuiltInKeywords$switchToFrame$6.call(Unknown Source)
	at alireview.install.onboardingSelectColor(install.groovy:38)
	at alireview.install.invokeMethod(install.groovy)
	at com.kms.katalon.core.main.CustomKeywordDelegatingMetaClass.invokeStaticMethod(CustomKeywordDelegatingMetaClass.java:55)
	at Install new store free.run(Install new store free:28)
	at com.kms.katalon.core.main.ScriptEngine.run(ScriptEngine.java:194)
	at com.kms.katalon.core.main.ScriptEngine.runScriptAsRawText(ScriptEngine.java:119)
	at com.kms.katalon.core.main.TestCaseExecutor.runScript(TestCaseExecutor.java:448)
	at com.kms.katalon.core.main.TestCaseExecutor.doExecute(TestCaseExecutor.java:439)
	at com.kms.katalon.core.main.TestCaseExecutor.processExecutionPhase(TestCaseExecutor.java:418)
	at com.kms.katalon.core.main.TestCaseExecutor.accessMainPhase(TestCaseExecutor.java:410)
	at com.kms.katalon.core.main.TestCaseExecutor.execute(TestCaseExecutor.java:285)
	at com.kms.katalon.core.common.CommonExecutor.accessTestCaseMainPhase(CommonExecutor.java:65)
	at com.kms.katalon.core.main.TestSuiteExecutor.accessTestSuiteMainPhase(TestSuiteExecutor.java:151)
	at com.kms.katalon.core.main.TestSuiteExecutor.execute(TestSuiteExecutor.java:106)
	at com.kms.katalon.core.main.TestCaseMain.startTestSuite(TestCaseMain.java:185)
	at com.kms.katalon.core.main.TestCaseMain$startTestSuite$0.call(Unknown Source)
	at TempTestSuite1676860744733.run(TempTestSuite1676860744733.groovy:36)
Caused by: com.kms.katalon.core.webui.exception.WebElementNotFoundException: Web element with id: 'Object Repository/Alireview/iframe_app' located by '//*[@name = 'app-iframe']' not found
	at com.kms.katalon.core.webui.common.WebUiCommonHelper.findWebElement(WebUiCommonHelper.java:1370)
	at com.kms.katalon.core.webui.keyword.builtin.SwitchToFrameKeyword$_switchToFrame_closure1.doCall(SwitchToFrameKeyword.groovy:77)
	at com.kms.katalon.core.webui.keyword.builtin.SwitchToFrameKeyword$_switchToFrame_closure1.call(SwitchToFrameKeyword.groovy)
	at com.kms.katalon.core.webui.keyword.internal.WebUIKeywordMain.runKeyword(WebUIKeywordMain.groovy:20)
	... 22 more]]></system-err>
      </testcase>
      <system-out><![CDATA[2023-02-20 09:39:10 - [TEST_SUITE][FAILED] - Install Store Free: Test Cases/Alireview/Install new store free FAILED.
Reason:
com.kms.katalon.core.exception.StepFailedException: Unable to verify image 'Object Repository/Alireview/iframe_app' present
	at com.kms.katalon.core.webui.keyword.internal.WebUIKeywordMain.stepFailed(WebUIKeywordMain.groovy:64)
	at com.kms.katalon.core.webui.keyword.internal.WebUIKeywordMain.runKeyword(WebUIKeywordMain.groovy:26)
	at com.kms.katalon.core.webui.keyword.builtin.SwitchToFrameKeyword.switchToFrame(SwitchToFrameKeyword.groovy:84)
	at com.kms.katalon.core.webui.keyword.builtin.SwitchToFrameKeyword.execute(SwitchToFrameKeyword.groovy:68)
	at com.kms.katalon.core.keyword.internal.KeywordExecutor.executeKeywordForPlatform(KeywordExecutor.groovy:74)
	at com.kms.katalon.core.webui.keyword.WebUiBuiltInKeywords.switchToFrame(WebUiBuiltInKeywords.groovy:2899)
	at com.kms.katalon.core.webui.keyword.WebUiBuiltInKeywords$switchToFrame$6.call(Unknown Source)
	at alireview.install.onboardingSelectColor(install.groovy:38)
	at alireview.install.invokeMethod(install.groovy)
	at com.kms.katalon.core.main.CustomKeywordDelegatingMetaClass.invokeStaticMethod(CustomKeywordDelegatingMetaClass.java:55)
	at Install new store free.run(Install new store free:28)
	at com.kms.katalon.core.main.ScriptEngine.run(ScriptEngine.java:194)
	at com.kms.katalon.core.main.ScriptEngine.runScriptAsRawText(ScriptEngine.java:119)
	at com.kms.katalon.core.main.TestCaseExecutor.runScript(TestCaseExecutor.java:448)
	at com.kms.katalon.core.main.TestCaseExecutor.doExecute(TestCaseExecutor.java:439)
	at com.kms.katalon.core.main.TestCaseExecutor.processExecutionPhase(TestCaseExecutor.java:418)
	at com.kms.katalon.core.main.TestCaseExecutor.accessMainPhase(TestCaseExecutor.java:410)
	at com.kms.katalon.core.main.TestCaseExecutor.execute(TestCaseExecutor.java:285)
	at com.kms.katalon.core.common.CommonExecutor.accessTestCaseMainPhase(CommonExecutor.java:65)
	at com.kms.katalon.core.main.TestSuiteExecutor.accessTestSuiteMainPhase(TestSuiteExecutor.java:151)
	at com.kms.katalon.core.main.TestSuiteExecutor.execute(TestSuiteExecutor.java:106)
	at com.kms.katalon.core.main.TestCaseMain.startTestSuite(TestCaseMain.java:185)
	at com.kms.katalon.core.main.TestCaseMain$startTestSuite$0.call(Unknown Source)
	at TempTestSuite1676860744733.run(TempTestSuite1676860744733.groovy:36)
Caused by: com.kms.katalon.core.webui.exception.WebElementNotFoundException: Web element with id: 'Object Repository/Alireview/iframe_app' located by '//*[@name = 'app-iframe']' not found
	at com.kms.katalon.core.webui.common.WebUiCommonHelper.findWebElement(WebUiCommonHelper.java:1370)
	at com.kms.katalon.core.webui.keyword.builtin.SwitchToFrameKeyword$_switchToFrame_closure1.doCall(SwitchToFrameKeyword.groovy:77)
	at com.kms.katalon.core.webui.keyword.builtin.SwitchToFrameKeyword$_switchToFrame_closure1.call(SwitchToFrameKeyword.groovy)
	at com.kms.katalon.core.webui.keyword.internal.WebUIKeywordMain.runKeyword(WebUIKeywordMain.groovy:20)
	... 22 more]]></system-out>
      <system-err><![CDATA[2023-02-20 09:39:10 - [TEST_SUITE][FAILED] - Install Store Free: Test Cases/Alireview/Install new store free FAILED.
Reason:
com.kms.katalon.core.exception.StepFailedException: Unable to verify image 'Object Repository/Alireview/iframe_app' present
	at com.kms.katalon.core.webui.keyword.internal.WebUIKeywordMain.stepFailed(WebUIKeywordMain.groovy:64)
	at com.kms.katalon.core.webui.keyword.internal.WebUIKeywordMain.runKeyword(WebUIKeywordMain.groovy:26)
	at com.kms.katalon.core.webui.keyword.builtin.SwitchToFrameKeyword.switchToFrame(SwitchToFrameKeyword.groovy:84)
	at com.kms.katalon.core.webui.keyword.builtin.SwitchToFrameKeyword.execute(SwitchToFrameKeyword.groovy:68)
	at com.kms.katalon.core.keyword.internal.KeywordExecutor.executeKeywordForPlatform(KeywordExecutor.groovy:74)
	at com.kms.katalon.core.webui.keyword.WebUiBuiltInKeywords.switchToFrame(WebUiBuiltInKeywords.groovy:2899)
	at com.kms.katalon.core.webui.keyword.WebUiBuiltInKeywords$switchToFrame$6.call(Unknown Source)
	at alireview.install.onboardingSelectColor(install.groovy:38)
	at alireview.install.invokeMethod(install.groovy)
	at com.kms.katalon.core.main.CustomKeywordDelegatingMetaClass.invokeStaticMethod(CustomKeywordDelegatingMetaClass.java:55)
	at Install new store free.run(Install new store free:28)
	at com.kms.katalon.core.main.ScriptEngine.run(ScriptEngine.java:194)
	at com.kms.katalon.core.main.ScriptEngine.runScriptAsRawText(ScriptEngine.java:119)
	at com.kms.katalon.core.main.TestCaseExecutor.runScript(TestCaseExecutor.java:448)
	at com.kms.katalon.core.main.TestCaseExecutor.doExecute(TestCaseExecutor.java:439)
	at com.kms.katalon.core.main.TestCaseExecutor.processExecutionPhase(TestCaseExecutor.java:418)
	at com.kms.katalon.core.main.TestCaseExecutor.accessMainPhase(TestCaseExecutor.java:410)
	at com.kms.katalon.core.main.TestCaseExecutor.execute(TestCaseExecutor.java:285)
	at com.kms.katalon.core.common.CommonExecutor.accessTestCaseMainPhase(CommonExecutor.java:65)
	at com.kms.katalon.core.main.TestSuiteExecutor.accessTestSuiteMainPhase(TestSuiteExecutor.java:151)
	at com.kms.katalon.core.main.TestSuiteExecutor.execute(TestSuiteExecutor.java:106)
	at com.kms.katalon.core.main.TestCaseMain.startTestSuite(TestCaseMain.java:185)
	at com.kms.katalon.core.main.TestCaseMain$startTestSuite$0.call(Unknown Source)
	at TempTestSuite1676860744733.run(TempTestSuite1676860744733.groovy:36)
Caused by: com.kms.katalon.core.webui.exception.WebElementNotFoundException: Web element with id: 'Object Repository/Alireview/iframe_app' located by '//*[@name = 'app-iframe']' not found
	at com.kms.katalon.core.webui.common.WebUiCommonHelper.findWebElement(WebUiCommonHelper.java:1370)
	at com.kms.katalon.core.webui.keyword.builtin.SwitchToFrameKeyword$_switchToFrame_closure1.doCall(SwitchToFrameKeyword.groovy:77)
	at com.kms.katalon.core.webui.keyword.builtin.SwitchToFrameKeyword$_switchToFrame_closure1.call(SwitchToFrameKeyword.groovy)
	at com.kms.katalon.core.webui.keyword.internal.WebUIKeywordMain.runKeyword(WebUIKeywordMain.groovy:20)
	... 22 more]]></system-err>
   </testsuite>
</testsuites>
